{"D:\\technician-schedule-system\\backend\\server.js": {"path":"D:\\technician-schedule-system\\backend\\server.js","statementMap":{"0":{"start":{"line":1,"column":16},"end":{"line":1,"column":34}},"1":{"start":{"line":2,"column":13},"end":{"line":2,"column":28}},"2":{"start":{"line":3,"column":15},"end":{"line":3,"column":32}},"3":{"start":{"line":4,"column":13},"end":{"line":4,"column":28}},"4":{"start":{"line":5,"column":22},"end":{"line":5,"column":50}},"5":{"start":{"line":6,"column":15},"end":{"line":6,"column":41}},"6":{"start":{"line":9,"column":19},"end":{"line":9,"column":49}},"7":{"start":{"line":10,"column":24},"end":{"line":10,"column":59}},"8":{"start":{"line":11,"column":27},"end":{"line":11,"column":65}},"9":{"start":{"line":12,"column":23},"end":{"line":12,"column":57}},"10":{"start":{"line":15,"column":0},"end":{"line":15,"column":31}},"11":{"start":{"line":18,"column":0},"end":{"line":18,"column":16}},"12":{"start":{"line":21,"column":0},"end":{"line":21,"column":12}},"13":{"start":{"line":23,"column":12},"end":{"line":23,"column":21}},"14":{"start":{"line":26,"column":0},"end":{"line":26,"column":24}},"15":{"start":{"line":27,"column":0},"end":{"line":27,"column":48}},"16":{"start":{"line":30,"column":0},"end":{"line":33,"column":4}},"17":{"start":{"line":36,"column":0},"end":{"line":39,"column":3}},"18":{"start":{"line":37,"column":2},"end":{"line":37,"column":43}},"19":{"start":{"line":38,"column":2},"end":{"line":38,"column":9}},"20":{"start":{"line":42,"column":0},"end":{"line":42,"column":33}},"21":{"start":{"line":43,"column":0},"end":{"line":43,"column":45}},"22":{"start":{"line":44,"column":0},"end":{"line":44,"column":50}},"23":{"start":{"line":45,"column":0},"end":{"line":45,"column":42}},"24":{"start":{"line":48,"column":0},"end":{"line":54,"column":3}},"25":{"start":{"line":49,"column":2},"end":{"line":53,"column":5}},"26":{"start":{"line":57,"column":0},"end":{"line":63,"column":3}},"27":{"start":{"line":58,"column":2},"end":{"line":58,"column":26}},"28":{"start":{"line":59,"column":2},"end":{"line":62,"column":5}},"29":{"start":{"line":65,"column":13},"end":{"line":65,"column":37}},"30":{"start":{"line":67,"column":15},"end":{"line":69,"column":2}},"31":{"start":{"line":68,"column":2},"end":{"line":68,"column":100}},"32":{"start":{"line":72,"column":0},"end":{"line":75,"column":3}},"33":{"start":{"line":73,"column":2},"end":{"line":73,"column":56}},"34":{"start":{"line":74,"column":2},"end":{"line":74,"column":38}},"35":{"start":{"line":74,"column":21},"end":{"line":74,"column":36}},"36":{"start":{"line":77,"column":0},"end":{"line":77,"column":21}}},"fnMap":{"0":{"name":"(anonymous_0)","decl":{"start":{"line":36,"column":8},"end":{"line":36,"column":9}},"loc":{"start":{"line":36,"column":28},"end":{"line":39,"column":1}},"line":36},"1":{"name":"(anonymous_1)","decl":{"start":{"line":48,"column":23},"end":{"line":48,"column":24}},"loc":{"start":{"line":48,"column":37},"end":{"line":54,"column":1}},"line":48},"2":{"name":"(anonymous_2)","decl":{"start":{"line":57,"column":8},"end":{"line":57,"column":9}},"loc":{"start":{"line":57,"column":33},"end":{"line":63,"column":1}},"line":57},"3":{"name":"(anonymous_3)","decl":{"start":{"line":67,"column":32},"end":{"line":67,"column":33}},"loc":{"start":{"line":67,"column":38},"end":{"line":69,"column":1}},"line":67},"4":{"name":"(anonymous_4)","decl":{"start":{"line":72,"column":33},"end":{"line":72,"column":34}},"loc":{"start":{"line":72,"column":42},"end":{"line":75,"column":1}},"line":72},"5":{"name":"(anonymous_5)","decl":{"start":{"line":74,"column":15},"end":{"line":74,"column":16}},"loc":{"start":{"line":74,"column":21},"end":{"line":74,"column":36}},"line":74}},"branchMap":{"0":{"loc":{"start":{"line":31,"column":10},"end":{"line":31,"column":61}},"type":"binary-expr","locations":[{"start":{"line":31,"column":10},"end":{"line":31,"column":34}},{"start":{"line":31,"column":38},"end":{"line":31,"column":61}}],"line":31},"1":{"loc":{"start":{"line":61,"column":11},"end":{"line":61,"column":75}},"type":"cond-expr","locations":[{"start":{"line":61,"column":52},"end":{"line":61,"column":63}},{"start":{"line":61,"column":66},"end":{"line":61,"column":75}}],"line":61},"2":{"loc":{"start":{"line":65,"column":13},"end":{"line":65,"column":37}},"type":"binary-expr","locations":[{"start":{"line":65,"column":13},"end":{"line":65,"column":29}},{"start":{"line":65,"column":33},"end":{"line":65,"column":37}}],"line":65},"3":{"loc":{"start":{"line":68,"column":54},"end":{"line":68,"column":91}},"type":"binary-expr","locations":[{"start":{"line":68,"column":54},"end":{"line":68,"column":74}},{"start":{"line":68,"column":78},"end":{"line":68,"column":91}}],"line":68}},"s":{"0":1,"1":1,"2":1,"3":1,"4":1,"5":1,"6":1,"7":1,"8":1,"9":1,"10":1,"11":1,"12":1,"13":1,"14":1,"15":1,"16":1,"17":1,"18":15,"19":15,"20":1,"21":1,"22":1,"23":1,"24":1,"25":0,"26":1,"27":0,"28":0,"29":1,"30":1,"31":1,"32":1,"33":0,"34":0,"35":0,"36":1},"f":{"0":15,"1":0,"2":0,"3":1,"4":0,"5":0},"b":{"0":[1,1],"1":[0,0],"2":[1,0],"3":[1,0]},"_coverageSchema":"1a1c01bbd47fc00a2c39e90264f33305004495a9","hash":"c746e46f18a155d903ea4e755f70ebc41c083b91"}
,"D:\\technician-schedule-system\\backend\\config\\database.js": {"path":"D:\\technician-schedule-system\\backend\\config\\database.js","statementMap":{"0":{"start":{"line":1,"column":0},"end":{"line":1,"column":27}},"1":{"start":{"line":2,"column":22},"end":{"line":2,"column":42}},"2":{"start":{"line":3,"column":15},"end":{"line":3,"column":34}},"3":{"start":{"line":5,"column":14},"end":{"line":7,"column":28}},"4":{"start":{"line":9,"column":18},"end":{"line":12,"column":2}},"5":{"start":{"line":14,"column":18},"end":{"line":27,"column":1}},"6":{"start":{"line":15,"column":2},"end":{"line":26,"column":3}},"7":{"start":{"line":16,"column":4},"end":{"line":16,"column":35}},"8":{"start":{"line":19,"column":4},"end":{"line":21,"column":5}},"9":{"start":{"line":20,"column":6},"end":{"line":20,"column":44}},"10":{"start":{"line":22,"column":4},"end":{"line":22,"column":72}},"11":{"start":{"line":24,"column":4},"end":{"line":24,"column":68}},"12":{"start":{"line":25,"column":4},"end":{"line":25,"column":20}},"13":{"start":{"line":29,"column":0},"end":{"line":29,"column":42}}},"fnMap":{"0":{"name":"(anonymous_0)","decl":{"start":{"line":14,"column":18},"end":{"line":14,"column":19}},"loc":{"start":{"line":14,"column":30},"end":{"line":27,"column":1}},"line":14}},"branchMap":{"0":{"loc":{"start":{"line":5,"column":14},"end":{"line":7,"column":28}},"type":"cond-expr","locations":[{"start":{"line":6,"column":5},"end":{"line":6,"column":62}},{"start":{"line":7,"column":4},"end":{"line":7,"column":28}}],"line":5},"1":{"loc":{"start":{"line":6,"column":5},"end":{"line":6,"column":62}},"type":"binary-expr","locations":[{"start":{"line":6,"column":5},"end":{"line":6,"column":34}},{"start":{"line":6,"column":38},"end":{"line":6,"column":62}}],"line":6},"2":{"loc":{"start":{"line":19,"column":4},"end":{"line":21,"column":5}},"type":"if","locations":[{"start":{"line":19,"column":4},"end":{"line":21,"column":5}},{"start":{},"end":{}}],"line":19}},"s":{"0":1,"1":1,"2":1,"3":1,"4":1,"5":1,"6":1,"7":1,"8":1,"9":0,"10":1,"11":0,"12":0,"13":1},"f":{"0":1},"b":{"0":[1,0],"1":[1,0],"2":[0,1]},"_coverageSchema":"1a1c01bbd47fc00a2c39e90264f33305004495a9","hash":"f981fefb918e77399cfb6cb057af9dd7be5199ef"}
,"D:\\technician-schedule-system\\backend\\config\\logger.js": {"path":"D:\\technician-schedule-system\\backend\\config\\logger.js","statementMap":{"0":{"start":{"line":1,"column":16},"end":{"line":1,"column":34}},"1":{"start":{"line":2,"column":13},"end":{"line":2,"column":28}},"2":{"start":{"line":3,"column":11},"end":{"line":3,"column":24}},"3":{"start":{"line":6,"column":15},"end":{"line":6,"column":46}},"4":{"start":{"line":7,"column":0},"end":{"line":9,"column":1}},"5":{"start":{"line":8,"column":2},"end":{"line":8,"column":44}},"6":{"start":{"line":11,"column":15},"end":{"line":38,"column":2}},"7":{"start":{"line":40,"column":0},"end":{"line":40,"column":24}}},"fnMap":{},"branchMap":{"0":{"loc":{"start":{"line":7,"column":0},"end":{"line":9,"column":1}},"type":"if","locations":[{"start":{"line":7,"column":0},"end":{"line":9,"column":1}},{"start":{},"end":{}}],"line":7},"1":{"loc":{"start":{"line":12,"column":9},"end":{"line":12,"column":40}},"type":"binary-expr","locations":[{"start":{"line":12,"column":9},"end":{"line":12,"column":30}},{"start":{"line":12,"column":34},"end":{"line":12,"column":40}}],"line":12}},"s":{"0":1,"1":1,"2":1,"3":1,"4":1,"5":0,"6":1,"7":1},"f":{},"b":{"0":[0,1],"1":[1,0]},"_coverageSchema":"1a1c01bbd47fc00a2c39e90264f33305004495a9","hash":"3918124da9cf06722f937701fb3d01bfca6ac0f2"}
,"D:\\technician-schedule-system\\backend\\cron\\overdueCheck.js": {"path":"D:\\technician-schedule-system\\backend\\cron\\overdueCheck.js","statementMap":{"0":{"start":{"line":1,"column":13},"end":{"line":1,"column":33}},"1":{"start":{"line":2,"column":15},"end":{"line":2,"column":35}},"2":{"start":{"line":3,"column":18},"end":{"line":3,"column":48}},"3":{"start":{"line":4,"column":21},"end":{"line":4,"column":54}},"4":{"start":{"line":5,"column":13},"end":{"line":5,"column":38}},"5":{"start":{"line":6,"column":15},"end":{"line":6,"column":42}},"6":{"start":{"line":9,"column":0},"end":{"line":65,"column":3}},"7":{"start":{"line":10,"column":2},"end":{"line":10,"column":45}},"8":{"start":{"line":12,"column":16},"end":{"line":12,"column":26}},"9":{"start":{"line":13,"column":2},"end":{"line":13,"column":29}},"10":{"start":{"line":15,"column":2},"end":{"line":64,"column":3}},"11":{"start":{"line":16,"column":26},"end":{"line":22,"column":6}},"12":{"start":{"line":24,"column":4},"end":{"line":24,"column":64}},"13":{"start":{"line":26,"column":4},"end":{"line":59,"column":5}},"14":{"start":{"line":27,"column":19},"end":{"line":27,"column":82}},"15":{"start":{"line":30,"column":6},"end":{"line":58,"column":7}},"16":{"start":{"line":31,"column":8},"end":{"line":31,"column":31}},"17":{"start":{"line":32,"column":8},"end":{"line":32,"column":33}},"18":{"start":{"line":33,"column":8},"end":{"line":33,"column":33}},"19":{"start":{"line":34,"column":8},"end":{"line":34,"column":27}},"20":{"start":{"line":36,"column":8},"end":{"line":36,"column":80}},"21":{"start":{"line":39,"column":8},"end":{"line":45,"column":11}},"22":{"start":{"line":48,"column":28},"end":{"line":48,"column":105}},"23":{"start":{"line":49,"column":8},"end":{"line":57,"column":9}},"24":{"start":{"line":50,"column":10},"end":{"line":56,"column":13}},"25":{"start":{"line":61,"column":4},"end":{"line":61,"column":45}},"26":{"start":{"line":63,"column":4},"end":{"line":63,"column":58}}},"fnMap":{"0":{"name":"(anonymous_0)","decl":{"start":{"line":9,"column":27},"end":{"line":9,"column":28}},"loc":{"start":{"line":9,"column":39},"end":{"line":65,"column":1}},"line":9}},"branchMap":{"0":{"loc":{"start":{"line":30,"column":6},"end":{"line":58,"column":7}},"type":"if","locations":[{"start":{"line":30,"column":6},"end":{"line":58,"column":7}},{"start":{},"end":{}}],"line":30},"1":{"loc":{"start":{"line":30,"column":10},"end":{"line":30,"column":56}},"type":"binary-expr","locations":[{"start":{"line":30,"column":10},"end":{"line":30,"column":26}},{"start":{"line":30,"column":30},"end":{"line":30,"column":56}}],"line":30}},"s":{"0":1,"1":1,"2":1,"3":1,"4":1,"5":1,"6":1,"7":0,"8":0,"9":0,"10":0,"11":0,"12":0,"13":0,"14":0,"15":0,"16":0,"17":0,"18":0,"19":0,"20":0,"21":0,"22":0,"23":0,"24":0,"25":0,"26":0},"f":{"0":0},"b":{"0":[0,0],"1":[0,0]},"_coverageSchema":"1a1c01bbd47fc00a2c39e90264f33305004495a9","hash":"08a926eee33e4880c5c143a4f89a88b3ef0c0786"}
,"D:\\technician-schedule-system\\backend\\middleware\\auth.js": {"path":"D:\\technician-schedule-system\\backend\\middleware\\auth.js","statementMap":{"0":{"start":{"line":1,"column":12},"end":{"line":1,"column":35}},"1":{"start":{"line":2,"column":13},"end":{"line":2,"column":38}},"2":{"start":{"line":3,"column":15},"end":{"line":3,"column":42}},"3":{"start":{"line":5,"column":16},"end":{"line":33,"column":1}},"4":{"start":{"line":8,"column":2},"end":{"line":32,"column":3}},"5":{"start":{"line":9,"column":4},"end":{"line":29,"column":5}},"6":{"start":{"line":10,"column":6},"end":{"line":10,"column":54}},"7":{"start":{"line":11,"column":22},"end":{"line":11,"column":63}},"8":{"start":{"line":12,"column":6},"end":{"line":12,"column":49}},"9":{"start":{"line":14,"column":6},"end":{"line":16,"column":7}},"10":{"start":{"line":15,"column":8},"end":{"line":15,"column":67}},"11":{"start":{"line":18,"column":6},"end":{"line":20,"column":7}},"12":{"start":{"line":19,"column":8},"end":{"line":19,"column":80}},"13":{"start":{"line":22,"column":6},"end":{"line":22,"column":13}},"14":{"start":{"line":24,"column":6},"end":{"line":24,"column":51}},"15":{"start":{"line":25,"column":6},"end":{"line":27,"column":7}},"16":{"start":{"line":26,"column":8},"end":{"line":26,"column":87}},"17":{"start":{"line":28,"column":6},"end":{"line":28,"column":80}},"18":{"start":{"line":31,"column":4},"end":{"line":31,"column":66}},"19":{"start":{"line":35,"column":18},"end":{"line":45,"column":1}},"20":{"start":{"line":36,"column":2},"end":{"line":44,"column":4}},"21":{"start":{"line":37,"column":4},"end":{"line":42,"column":5}},"22":{"start":{"line":38,"column":6},"end":{"line":38,"column":92}},"23":{"start":{"line":39,"column":6},"end":{"line":41,"column":9}},"24":{"start":{"line":43,"column":4},"end":{"line":43,"column":11}},"25":{"start":{"line":47,"column":0},"end":{"line":47,"column":40}}},"fnMap":{"0":{"name":"(anonymous_0)","decl":{"start":{"line":5,"column":16},"end":{"line":5,"column":17}},"loc":{"start":{"line":5,"column":42},"end":{"line":33,"column":1}},"line":5},"1":{"name":"(anonymous_1)","decl":{"start":{"line":35,"column":18},"end":{"line":35,"column":19}},"loc":{"start":{"line":35,"column":32},"end":{"line":45,"column":1}},"line":35},"2":{"name":"(anonymous_2)","decl":{"start":{"line":36,"column":9},"end":{"line":36,"column":10}},"loc":{"start":{"line":36,"column":29},"end":{"line":44,"column":3}},"line":36}},"branchMap":{"0":{"loc":{"start":{"line":8,"column":2},"end":{"line":32,"column":3}},"type":"if","locations":[{"start":{"line":8,"column":2},"end":{"line":32,"column":3}},{"start":{"line":30,"column":9},"end":{"line":32,"column":3}}],"line":8},"1":{"loc":{"start":{"line":8,"column":6},"end":{"line":8,"column":81}},"type":"binary-expr","locations":[{"start":{"line":8,"column":6},"end":{"line":8,"column":31}},{"start":{"line":8,"column":35},"end":{"line":8,"column":81}}],"line":8},"2":{"loc":{"start":{"line":14,"column":6},"end":{"line":16,"column":7}},"type":"if","locations":[{"start":{"line":14,"column":6},"end":{"line":16,"column":7}},{"start":{},"end":{}}],"line":14},"3":{"loc":{"start":{"line":18,"column":6},"end":{"line":20,"column":7}},"type":"if","locations":[{"start":{"line":18,"column":6},"end":{"line":20,"column":7}},{"start":{},"end":{}}],"line":18},"4":{"loc":{"start":{"line":25,"column":6},"end":{"line":27,"column":7}},"type":"if","locations":[{"start":{"line":25,"column":6},"end":{"line":27,"column":7}},{"start":{},"end":{}}],"line":25},"5":{"loc":{"start":{"line":37,"column":4},"end":{"line":42,"column":5}},"type":"if","locations":[{"start":{"line":37,"column":4},"end":{"line":42,"column":5}},{"start":{},"end":{}}],"line":37}},"s":{"0":1,"1":1,"2":1,"3":1,"4":13,"5":13,"6":13,"7":13,"8":13,"9":13,"10":1,"11":12,"12":0,"13":12,"14":0,"15":0,"16":0,"17":0,"18":0,"19":1,"20":9,"21":1,"22":0,"23":0,"24":1,"25":1},"f":{"0":13,"1":9,"2":1},"b":{"0":[13,0],"1":[13,13],"2":[1,12],"3":[0,12],"4":[0,0],"5":[0,1]},"_coverageSchema":"1a1c01bbd47fc00a2c39e90264f33305004495a9","hash":"35b8d8f0c302d51f375ca2f8cd75c68ce0d5ec8a"}
,"D:\\technician-schedule-system\\backend\\models\\Hospital.js": {"path":"D:\\technician-schedule-system\\backend\\models\\Hospital.js","statementMap":{"0":{"start":{"line":1,"column":22},"end":{"line":1,"column":42}},"1":{"start":{"line":2,"column":22},"end":{"line":2,"column":51}},"2":{"start":{"line":4,"column":17},"end":{"line":24,"column":2}},"3":{"start":{"line":26,"column":0},"end":{"line":31,"column":2}},"4":{"start":{"line":27,"column":17},"end":{"line":27,"column":34}},"5":{"start":{"line":28,"column":2},"end":{"line":28,"column":25}},"6":{"start":{"line":29,"column":2},"end":{"line":29,"column":19}},"7":{"start":{"line":30,"column":2},"end":{"line":30,"column":16}},"8":{"start":{"line":33,"column":0},"end":{"line":33,"column":26}}},"fnMap":{"0":{"name":"(anonymous_0)","decl":{"start":{"line":26,"column":28},"end":{"line":26,"column":29}},"loc":{"start":{"line":26,"column":40},"end":{"line":31,"column":1}},"line":26}},"branchMap":{},"s":{"0":1,"1":1,"2":1,"3":1,"4":0,"5":0,"6":0,"7":0,"8":1},"f":{"0":0},"b":{},"_coverageSchema":"1a1c01bbd47fc00a2c39e90264f33305004495a9","hash":"9bb08e9b6b7b6c9619136d1b0725408ebcf4d5e0"}
,"D:\\technician-schedule-system\\backend\\models\\Notification.js": {"path":"D:\\technician-schedule-system\\backend\\models\\Notification.js","statementMap":{"0":{"start":{"line":1,"column":22},"end":{"line":1,"column":42}},"1":{"start":{"line":2,"column":22},"end":{"line":2,"column":51}},"2":{"start":{"line":3,"column":13},"end":{"line":3,"column":30}},"3":{"start":{"line":4,"column":18},"end":{"line":4,"column":40}},"4":{"start":{"line":6,"column":21},"end":{"line":45,"column":2}},"5":{"start":{"line":47,"column":0},"end":{"line":47,"column":77}},"6":{"start":{"line":48,"column":0},"end":{"line":48,"column":96}},"7":{"start":{"line":50,"column":0},"end":{"line":65,"column":2}},"8":{"start":{"line":51,"column":17},"end":{"line":51,"column":34}},"9":{"start":{"line":52,"column":2},"end":{"line":52,"column":25}},"10":{"start":{"line":53,"column":2},"end":{"line":53,"column":19}},"11":{"start":{"line":55,"column":17},"end":{"line":60,"column":3}},"12":{"start":{"line":56,"column":4},"end":{"line":58,"column":5}},"13":{"start":{"line":57,"column":6},"end":{"line":57,"column":42}},"14":{"start":{"line":59,"column":4},"end":{"line":59,"column":25}},"15":{"start":{"line":61,"column":2},"end":{"line":61,"column":37}},"16":{"start":{"line":62,"column":2},"end":{"line":62,"column":51}},"17":{"start":{"line":64,"column":2},"end":{"line":64,"column":16}},"18":{"start":{"line":67,"column":0},"end":{"line":67,"column":30}}},"fnMap":{"0":{"name":"(anonymous_0)","decl":{"start":{"line":50,"column":32},"end":{"line":50,"column":33}},"loc":{"start":{"line":50,"column":44},"end":{"line":65,"column":1}},"line":50},"1":{"name":"(anonymous_1)","decl":{"start":{"line":55,"column":17},"end":{"line":55,"column":18}},"loc":{"start":{"line":55,"column":33},"end":{"line":60,"column":3}},"line":55}},"branchMap":{"0":{"loc":{"start":{"line":56,"column":4},"end":{"line":58,"column":5}},"type":"if","locations":[{"start":{"line":56,"column":4},"end":{"line":58,"column":5}},{"start":{},"end":{}}],"line":56},"1":{"loc":{"start":{"line":57,"column":20},"end":{"line":57,"column":41}},"type":"binary-expr","locations":[{"start":{"line":57,"column":20},"end":{"line":57,"column":33}},{"start":{"line":57,"column":37},"end":{"line":57,"column":41}}],"line":57}},"s":{"0":1,"1":1,"2":1,"3":1,"4":1,"5":1,"6":1,"7":1,"8":0,"9":0,"10":0,"11":0,"12":0,"13":0,"14":0,"15":0,"16":0,"17":0,"18":1},"f":{"0":0,"1":0},"b":{"0":[0,0],"1":[0,0]},"_coverageSchema":"1a1c01bbd47fc00a2c39e90264f33305004495a9","hash":"f9f3e2885a806db518202c09ce9938b3dbaf0b42"}
,"D:\\technician-schedule-system\\backend\\models\\User.js": {"path":"D:\\technician-schedule-system\\backend\\models\\User.js","statementMap":{"0":{"start":{"line":1,"column":22},"end":{"line":1,"column":42}},"1":{"start":{"line":2,"column":22},"end":{"line":2,"column":51}},"2":{"start":{"line":4,"column":13},"end":{"line":50,"column":2}},"3":{"start":{"line":44,"column":6},"end":{"line":44,"column":62}},"4":{"start":{"line":44,"column":25},"end":{"line":44,"column":62}},"5":{"start":{"line":45,"column":6},"end":{"line":45,"column":62}},"6":{"start":{"line":45,"column":25},"end":{"line":45,"column":62}},"7":{"start":{"line":46,"column":6},"end":{"line":46,"column":67}},"8":{"start":{"line":46,"column":22},"end":{"line":46,"column":67}},"9":{"start":{"line":47,"column":6},"end":{"line":47,"column":53}},"10":{"start":{"line":47,"column":22},"end":{"line":47,"column":53}},"11":{"start":{"line":53,"column":0},"end":{"line":59,"column":2}},"12":{"start":{"line":54,"column":17},"end":{"line":54,"column":34}},"13":{"start":{"line":55,"column":2},"end":{"line":55,"column":25}},"14":{"start":{"line":56,"column":2},"end":{"line":56,"column":19}},"15":{"start":{"line":57,"column":2},"end":{"line":57,"column":25}},"16":{"start":{"line":58,"column":2},"end":{"line":58,"column":16}},"17":{"start":{"line":61,"column":0},"end":{"line":61,"column":22}}},"fnMap":{"0":{"name":"(anonymous_0)","decl":{"start":{"line":43,"column":20},"end":{"line":43,"column":21}},"loc":{"start":{"line":43,"column":30},"end":{"line":48,"column":5}},"line":43},"1":{"name":"(anonymous_1)","decl":{"start":{"line":53,"column":24},"end":{"line":53,"column":25}},"loc":{"start":{"line":53,"column":36},"end":{"line":59,"column":1}},"line":53}},"branchMap":{"0":{"loc":{"start":{"line":44,"column":6},"end":{"line":44,"column":62}},"type":"if","locations":[{"start":{"line":44,"column":6},"end":{"line":44,"column":62}},{"start":{},"end":{}}],"line":44},"1":{"loc":{"start":{"line":45,"column":6},"end":{"line":45,"column":62}},"type":"if","locations":[{"start":{"line":45,"column":6},"end":{"line":45,"column":62}},{"start":{},"end":{}}],"line":45},"2":{"loc":{"start":{"line":46,"column":6},"end":{"line":46,"column":67}},"type":"if","locations":[{"start":{"line":46,"column":6},"end":{"line":46,"column":67}},{"start":{},"end":{}}],"line":46},"3":{"loc":{"start":{"line":47,"column":6},"end":{"line":47,"column":53}},"type":"if","locations":[{"start":{"line":47,"column":6},"end":{"line":47,"column":53}},{"start":{},"end":{}}],"line":47}},"s":{"0":1,"1":1,"2":1,"3":2,"4":2,"5":2,"6":2,"7":2,"8":0,"9":2,"10":0,"11":1,"12":10,"13":10,"14":10,"15":10,"16":10,"17":1},"f":{"0":2,"1":10},"b":{"0":[2,0],"1":[2,0],"2":[0,2],"3":[0,2]},"_coverageSchema":"1a1c01bbd47fc00a2c39e90264f33305004495a9","hash":"1fe4a38e73b69fea966cc17a75566fe76fae0b68"}
,"D:\\technician-schedule-system\\backend\\models\\WorkOrder.js": {"path":"D:\\technician-schedule-system\\backend\\models\\WorkOrder.js","statementMap":{"0":{"start":{"line":1,"column":22},"end":{"line":1,"column":42}},"1":{"start":{"line":2,"column":22},"end":{"line":2,"column":51}},"2":{"start":{"line":3,"column":13},"end":{"line":3,"column":30}},"3":{"start":{"line":5,"column":18},"end":{"line":115,"column":2}},"4":{"start":{"line":117,"column":0},"end":{"line":117,"column":76}},"5":{"start":{"line":118,"column":0},"end":{"line":118,"column":76}},"6":{"start":{"line":119,"column":0},"end":{"line":119,"column":78}},"7":{"start":{"line":123,"column":0},"end":{"line":139,"column":2}},"8":{"start":{"line":124,"column":17},"end":{"line":124,"column":34}},"9":{"start":{"line":125,"column":2},"end":{"line":125,"column":25}},"10":{"start":{"line":126,"column":2},"end":{"line":126,"column":19}},"11":{"start":{"line":128,"column":17},"end":{"line":133,"column":3}},"12":{"start":{"line":129,"column":4},"end":{"line":131,"column":5}},"13":{"start":{"line":130,"column":6},"end":{"line":130,"column":42}},"14":{"start":{"line":132,"column":4},"end":{"line":132,"column":25}},"15":{"start":{"line":134,"column":2},"end":{"line":134,"column":39}},"16":{"start":{"line":135,"column":2},"end":{"line":135,"column":39}},"17":{"start":{"line":136,"column":2},"end":{"line":136,"column":41}},"18":{"start":{"line":138,"column":2},"end":{"line":138,"column":16}},"19":{"start":{"line":141,"column":0},"end":{"line":141,"column":27}}},"fnMap":{"0":{"name":"(anonymous_0)","decl":{"start":{"line":123,"column":29},"end":{"line":123,"column":30}},"loc":{"start":{"line":123,"column":41},"end":{"line":139,"column":1}},"line":123},"1":{"name":"(anonymous_1)","decl":{"start":{"line":128,"column":17},"end":{"line":128,"column":18}},"loc":{"start":{"line":128,"column":33},"end":{"line":133,"column":3}},"line":128}},"branchMap":{"0":{"loc":{"start":{"line":129,"column":4},"end":{"line":131,"column":5}},"type":"if","locations":[{"start":{"line":129,"column":4},"end":{"line":131,"column":5}},{"start":{},"end":{}}],"line":129},"1":{"loc":{"start":{"line":130,"column":20},"end":{"line":130,"column":41}},"type":"binary-expr","locations":[{"start":{"line":130,"column":20},"end":{"line":130,"column":33}},{"start":{"line":130,"column":37},"end":{"line":130,"column":41}}],"line":130}},"s":{"0":1,"1":1,"2":1,"3":1,"4":1,"5":1,"6":1,"7":1,"8":10,"9":10,"10":10,"11":10,"12":30,"13":15,"14":30,"15":10,"16":10,"17":10,"18":10,"19":1},"f":{"0":10,"1":30},"b":{"0":[15,15],"1":[15,10]},"_coverageSchema":"1a1c01bbd47fc00a2c39e90264f33305004495a9","hash":"8872e833ae1e76181175ffb54148c1ebe0f93b43"}
,"D:\\technician-schedule-system\\backend\\routes\\authRoutes.js": {"path":"D:\\technician-schedule-system\\backend\\routes\\authRoutes.js","statementMap":{"0":{"start":{"line":1,"column":16},"end":{"line":1,"column":34}},"1":{"start":{"line":2,"column":15},"end":{"line":2,"column":34}},"2":{"start":{"line":3,"column":12},"end":{"line":3,"column":35}},"3":{"start":{"line":4,"column":13},"end":{"line":4,"column":38}},"4":{"start":{"line":5,"column":31},"end":{"line":5,"column":60}},"5":{"start":{"line":6,"column":15},"end":{"line":6,"column":42}},"6":{"start":{"line":8,"column":15},"end":{"line":8,"column":31}},"7":{"start":{"line":11,"column":0},"end":{"line":51,"column":3}},"8":{"start":{"line":12,"column":2},"end":{"line":50,"column":3}},"9":{"start":{"line":13,"column":65},"end":{"line":13,"column":73}},"10":{"start":{"line":16,"column":4},"end":{"line":18,"column":5}},"11":{"start":{"line":17,"column":6},"end":{"line":17,"column":85}},"12":{"start":{"line":20,"column":23},"end":{"line":20,"column":66}},"13":{"start":{"line":21,"column":4},"end":{"line":23,"column":5}},"14":{"start":{"line":22,"column":6},"end":{"line":22,"column":74}},"15":{"start":{"line":26,"column":17},"end":{"line":26,"column":41}},"16":{"start":{"line":27,"column":27},"end":{"line":27,"column":60}},"17":{"start":{"line":29,"column":17},"end":{"line":36,"column":6}},"18":{"start":{"line":38,"column":4},"end":{"line":38,"column":61}},"19":{"start":{"line":40,"column":4},"end":{"line":46,"column":7}},"20":{"start":{"line":48,"column":4},"end":{"line":48,"column":53}},"21":{"start":{"line":49,"column":4},"end":{"line":49,"column":53}},"22":{"start":{"line":54,"column":0},"end":{"line":98,"column":3}},"23":{"start":{"line":55,"column":2},"end":{"line":97,"column":3}},"24":{"start":{"line":56,"column":35},"end":{"line":56,"column":43}},"25":{"start":{"line":58,"column":4},"end":{"line":60,"column":5}},"26":{"start":{"line":59,"column":6},"end":{"line":59,"column":87}},"27":{"start":{"line":62,"column":17},"end":{"line":62,"column":60}},"28":{"start":{"line":64,"column":4},"end":{"line":66,"column":5}},"29":{"start":{"line":65,"column":6},"end":{"line":65,"column":70}},"30":{"start":{"line":68,"column":4},"end":{"line":70,"column":5}},"31":{"start":{"line":69,"column":6},"end":{"line":69,"column":73}},"32":{"start":{"line":72,"column":28},"end":{"line":72,"column":73}},"33":{"start":{"line":74,"column":4},"end":{"line":93,"column":5}},"34":{"start":{"line":75,"column":20},"end":{"line":79,"column":7}},"35":{"start":{"line":81,"column":6},"end":{"line":81,"column":49}},"36":{"start":{"line":83,"column":6},"end":{"line":90,"column":9}},"37":{"start":{"line":92,"column":6},"end":{"line":92,"column":63}},"38":{"start":{"line":95,"column":4},"end":{"line":95,"column":50}},"39":{"start":{"line":96,"column":4},"end":{"line":96,"column":53}},"40":{"start":{"line":101,"column":0},"end":{"line":109,"column":3}},"41":{"start":{"line":102,"column":2},"end":{"line":108,"column":3}},"42":{"start":{"line":103,"column":17},"end":{"line":103,"column":49}},"43":{"start":{"line":104,"column":4},"end":{"line":104,"column":19}},"44":{"start":{"line":106,"column":4},"end":{"line":106,"column":61}},"45":{"start":{"line":107,"column":4},"end":{"line":107,"column":53}},"46":{"start":{"line":112,"column":0},"end":{"line":140,"column":3}},"47":{"start":{"line":113,"column":2},"end":{"line":139,"column":3}},"48":{"start":{"line":114,"column":66},"end":{"line":114,"column":74}},"49":{"start":{"line":115,"column":17},"end":{"line":115,"column":49}},"50":{"start":{"line":117,"column":4},"end":{"line":127,"column":5}},"51":{"start":{"line":118,"column":6},"end":{"line":120,"column":7}},"52":{"start":{"line":119,"column":8},"end":{"line":119,"column":98}},"53":{"start":{"line":121,"column":22},"end":{"line":121,"column":74}},"54":{"start":{"line":122,"column":6},"end":{"line":124,"column":7}},"55":{"start":{"line":123,"column":8},"end":{"line":123,"column":79}},"56":{"start":{"line":125,"column":19},"end":{"line":125,"column":43}},"57":{"start":{"line":126,"column":6},"end":{"line":126,"column":56}},"58":{"start":{"line":129,"column":4},"end":{"line":129,"column":57}},"59":{"start":{"line":129,"column":32},"end":{"line":129,"column":57}},"60":{"start":{"line":130,"column":4},"end":{"line":130,"column":48}},"61":{"start":{"line":130,"column":29},"end":{"line":130,"column":48}},"62":{"start":{"line":131,"column":4},"end":{"line":131,"column":48}},"63":{"start":{"line":131,"column":29},"end":{"line":131,"column":48}},"64":{"start":{"line":133,"column":4},"end":{"line":133,"column":22}},"65":{"start":{"line":134,"column":4},"end":{"line":134,"column":62}},"66":{"start":{"line":135,"column":4},"end":{"line":135,"column":19}},"67":{"start":{"line":137,"column":4},"end":{"line":137,"column":59}},"68":{"start":{"line":138,"column":4},"end":{"line":138,"column":53}},"69":{"start":{"line":143,"column":0},"end":{"line":162,"column":3}},"70":{"start":{"line":144,"column":2},"end":{"line":161,"column":3}},"71":{"start":{"line":145,"column":29},"end":{"line":145,"column":38}},"72":{"start":{"line":146,"column":18},"end":{"line":146,"column":20}},"73":{"start":{"line":147,"column":4},"end":{"line":147,"column":32}},"74":{"start":{"line":147,"column":14},"end":{"line":147,"column":32}},"75":{"start":{"line":148,"column":4},"end":{"line":154,"column":5}},"76":{"start":{"line":150,"column":11},"end":{"line":154,"column":5}},"77":{"start":{"line":151,"column":6},"end":{"line":151,"column":27}},"78":{"start":{"line":153,"column":6},"end":{"line":153,"column":26}},"79":{"start":{"line":156,"column":18},"end":{"line":156,"column":77}},"80":{"start":{"line":157,"column":4},"end":{"line":157,"column":20}},"81":{"start":{"line":159,"column":4},"end":{"line":159,"column":54}},"82":{"start":{"line":160,"column":4},"end":{"line":160,"column":53}},"83":{"start":{"line":165,"column":0},"end":{"line":195,"column":3}},"84":{"start":{"line":166,"column":2},"end":{"line":194,"column":3}},"85":{"start":{"line":167,"column":17},"end":{"line":167,"column":51}},"86":{"start":{"line":168,"column":4},"end":{"line":170,"column":5}},"87":{"start":{"line":169,"column":6},"end":{"line":169,"column":65}},"88":{"start":{"line":172,"column":63},"end":{"line":172,"column":71}},"89":{"start":{"line":174,"column":4},"end":{"line":176,"column":5}},"90":{"start":{"line":175,"column":6},"end":{"line":175,"column":89}},"91":{"start":{"line":178,"column":4},"end":{"line":178,"column":57}},"92":{"start":{"line":178,"column":32},"end":{"line":178,"column":57}},"93":{"start":{"line":179,"column":4},"end":{"line":179,"column":45}},"94":{"start":{"line":179,"column":28},"end":{"line":179,"column":45}},"95":{"start":{"line":180,"column":4},"end":{"line":180,"column":48}},"96":{"start":{"line":180,"column":29},"end":{"line":180,"column":48}},"97":{"start":{"line":181,"column":4},"end":{"line":181,"column":48}},"98":{"start":{"line":181,"column":29},"end":{"line":181,"column":48}},"99":{"start":{"line":182,"column":4},"end":{"line":182,"column":51}},"100":{"start":{"line":182,"column":30},"end":{"line":182,"column":51}},"101":{"start":{"line":183,"column":4},"end":{"line":186,"column":5}},"102":{"start":{"line":184,"column":19},"end":{"line":184,"column":43}},"103":{"start":{"line":185,"column":6},"end":{"line":185,"column":56}},"104":{"start":{"line":188,"column":4},"end":{"line":188,"column":22}},"105":{"start":{"line":189,"column":4},"end":{"line":189,"column":74}},"106":{"start":{"line":190,"column":4},"end":{"line":190,"column":19}},"107":{"start":{"line":192,"column":4},"end":{"line":192,"column":56}},"108":{"start":{"line":193,"column":4},"end":{"line":193,"column":53}},"109":{"start":{"line":197,"column":0},"end":{"line":197,"column":24}}},"fnMap":{"0":{"name":"(anonymous_0)","decl":{"start":{"line":11,"column":54},"end":{"line":11,"column":55}},"loc":{"start":{"line":11,"column":74},"end":{"line":51,"column":1}},"line":11},"1":{"name":"(anonymous_1)","decl":{"start":{"line":54,"column":22},"end":{"line":54,"column":23}},"loc":{"start":{"line":54,"column":42},"end":{"line":98,"column":1}},"line":54},"2":{"name":"(anonymous_2)","decl":{"start":{"line":101,"column":27},"end":{"line":101,"column":28}},"loc":{"start":{"line":101,"column":47},"end":{"line":109,"column":1}},"line":101},"3":{"name":"(anonymous_3)","decl":{"start":{"line":112,"column":29},"end":{"line":112,"column":30}},"loc":{"start":{"line":112,"column":49},"end":{"line":140,"column":1}},"line":112},"4":{"name":"(anonymous_4)","decl":{"start":{"line":143,"column":64},"end":{"line":143,"column":65}},"loc":{"start":{"line":143,"column":84},"end":{"line":162,"column":1}},"line":143},"5":{"name":"(anonymous_5)","decl":{"start":{"line":165,"column":56},"end":{"line":165,"column":57}},"loc":{"start":{"line":165,"column":76},"end":{"line":195,"column":1}},"line":165}},"branchMap":{"0":{"loc":{"start":{"line":16,"column":4},"end":{"line":18,"column":5}},"type":"if","locations":[{"start":{"line":16,"column":4},"end":{"line":18,"column":5}},{"start":{},"end":{}}],"line":16},"1":{"loc":{"start":{"line":16,"column":8},"end":{"line":16,"column":43}},"type":"binary-expr","locations":[{"start":{"line":16,"column":8},"end":{"line":16,"column":17}},{"start":{"line":16,"column":21},"end":{"line":16,"column":30}},{"start":{"line":16,"column":34},"end":{"line":16,"column":43}}],"line":16},"2":{"loc":{"start":{"line":21,"column":4},"end":{"line":23,"column":5}},"type":"if","locations":[{"start":{"line":21,"column":4},"end":{"line":23,"column":5}},{"start":{},"end":{}}],"line":21},"3":{"loc":{"start":{"line":33,"column":12},"end":{"line":33,"column":32}},"type":"binary-expr","locations":[{"start":{"line":33,"column":12},"end":{"line":33,"column":16}},{"start":{"line":33,"column":20},"end":{"line":33,"column":32}}],"line":33},"4":{"loc":{"start":{"line":58,"column":4},"end":{"line":60,"column":5}},"type":"if","locations":[{"start":{"line":58,"column":4},"end":{"line":60,"column":5}},{"start":{},"end":{}}],"line":58},"5":{"loc":{"start":{"line":58,"column":8},"end":{"line":58,"column":30}},"type":"binary-expr","locations":[{"start":{"line":58,"column":8},"end":{"line":58,"column":17}},{"start":{"line":58,"column":21},"end":{"line":58,"column":30}}],"line":58},"6":{"loc":{"start":{"line":64,"column":4},"end":{"line":66,"column":5}},"type":"if","locations":[{"start":{"line":64,"column":4},"end":{"line":66,"column":5}},{"start":{},"end":{}}],"line":64},"7":{"loc":{"start":{"line":68,"column":4},"end":{"line":70,"column":5}},"type":"if","locations":[{"start":{"line":68,"column":4},"end":{"line":70,"column":5}},{"start":{},"end":{}}],"line":68},"8":{"loc":{"start":{"line":74,"column":4},"end":{"line":93,"column":5}},"type":"if","locations":[{"start":{"line":74,"column":4},"end":{"line":93,"column":5}},{"start":{"line":91,"column":11},"end":{"line":93,"column":5}}],"line":74},"9":{"loc":{"start":{"line":74,"column":8},"end":{"line":74,"column":31}},"type":"binary-expr","locations":[{"start":{"line":74,"column":8},"end":{"line":74,"column":12}},{"start":{"line":74,"column":16},"end":{"line":74,"column":31}}],"line":74},"10":{"loc":{"start":{"line":117,"column":4},"end":{"line":127,"column":5}},"type":"if","locations":[{"start":{"line":117,"column":4},"end":{"line":127,"column":5}},{"start":{},"end":{}}],"line":117},"11":{"loc":{"start":{"line":118,"column":6},"end":{"line":120,"column":7}},"type":"if","locations":[{"start":{"line":118,"column":6},"end":{"line":120,"column":7}},{"start":{},"end":{}}],"line":118},"12":{"loc":{"start":{"line":122,"column":6},"end":{"line":124,"column":7}},"type":"if","locations":[{"start":{"line":122,"column":6},"end":{"line":124,"column":7}},{"start":{},"end":{}}],"line":122},"13":{"loc":{"start":{"line":129,"column":4},"end":{"line":129,"column":57}},"type":"if","locations":[{"start":{"line":129,"column":4},"end":{"line":129,"column":57}},{"start":{},"end":{}}],"line":129},"14":{"loc":{"start":{"line":130,"column":4},"end":{"line":130,"column":48}},"type":"if","locations":[{"start":{"line":130,"column":4},"end":{"line":130,"column":48}},{"start":{},"end":{}}],"line":130},"15":{"loc":{"start":{"line":131,"column":4},"end":{"line":131,"column":48}},"type":"if","locations":[{"start":{"line":131,"column":4},"end":{"line":131,"column":48}},{"start":{},"end":{}}],"line":131},"16":{"loc":{"start":{"line":147,"column":4},"end":{"line":147,"column":32}},"type":"if","locations":[{"start":{"line":147,"column":4},"end":{"line":147,"column":32}},{"start":{},"end":{}}],"line":147},"17":{"loc":{"start":{"line":148,"column":4},"end":{"line":154,"column":5}},"type":"if","locations":[{"start":{"line":148,"column":4},"end":{"line":154,"column":5}},{"start":{"line":150,"column":11},"end":{"line":154,"column":5}}],"line":148},"18":{"loc":{"start":{"line":150,"column":11},"end":{"line":154,"column":5}},"type":"if","locations":[{"start":{"line":150,"column":11},"end":{"line":154,"column":5}},{"start":{"line":152,"column":11},"end":{"line":154,"column":5}}],"line":150},"19":{"loc":{"start":{"line":168,"column":4},"end":{"line":170,"column":5}},"type":"if","locations":[{"start":{"line":168,"column":4},"end":{"line":170,"column":5}},{"start":{},"end":{}}],"line":168},"20":{"loc":{"start":{"line":174,"column":4},"end":{"line":176,"column":5}},"type":"if","locations":[{"start":{"line":174,"column":4},"end":{"line":176,"column":5}},{"start":{},"end":{}}],"line":174},"21":{"loc":{"start":{"line":174,"column":8},"end":{"line":174,"column":51}},"type":"binary-expr","locations":[{"start":{"line":174,"column":8},"end":{"line":174,"column":24}},{"start":{"line":174,"column":28},"end":{"line":174,"column":51}}],"line":174},"22":{"loc":{"start":{"line":178,"column":4},"end":{"line":178,"column":57}},"type":"if","locations":[{"start":{"line":178,"column":4},"end":{"line":178,"column":57}},{"start":{},"end":{}}],"line":178},"23":{"loc":{"start":{"line":179,"column":4},"end":{"line":179,"column":45}},"type":"if","locations":[{"start":{"line":179,"column":4},"end":{"line":179,"column":45}},{"start":{},"end":{}}],"line":179},"24":{"loc":{"start":{"line":180,"column":4},"end":{"line":180,"column":48}},"type":"if","locations":[{"start":{"line":180,"column":4},"end":{"line":180,"column":48}},{"start":{},"end":{}}],"line":180},"25":{"loc":{"start":{"line":181,"column":4},"end":{"line":181,"column":48}},"type":"if","locations":[{"start":{"line":181,"column":4},"end":{"line":181,"column":48}},{"start":{},"end":{}}],"line":181},"26":{"loc":{"start":{"line":182,"column":4},"end":{"line":182,"column":51}},"type":"if","locations":[{"start":{"line":182,"column":4},"end":{"line":182,"column":51}},{"start":{},"end":{}}],"line":182},"27":{"loc":{"start":{"line":183,"column":4},"end":{"line":186,"column":5}},"type":"if","locations":[{"start":{"line":183,"column":4},"end":{"line":186,"column":5}},{"start":{},"end":{}}],"line":183}},"s":{"0":1,"1":1,"2":1,"3":1,"4":1,"5":1,"6":1,"7":1,"8":0,"9":0,"10":0,"11":0,"12":0,"13":0,"14":0,"15":0,"16":0,"17":0,"18":0,"19":0,"20":0,"21":0,"22":1,"23":2,"24":2,"25":2,"26":0,"27":2,"28":2,"29":0,"30":2,"31":0,"32":2,"33":2,"34":2,"35":2,"36":2,"37":0,"38":0,"39":0,"40":1,"41":0,"42":0,"43":0,"44":0,"45":0,"46":1,"47":0,"48":0,"49":0,"50":0,"51":0,"52":0,"53":0,"54":0,"55":0,"56":0,"57":0,"58":0,"59":0,"60":0,"61":0,"62":0,"63":0,"64":0,"65":0,"66":0,"67":0,"68":0,"69":1,"70":0,"71":0,"72":0,"73":0,"74":0,"75":0,"76":0,"77":0,"78":0,"79":0,"80":0,"81":0,"82":0,"83":1,"84":0,"85":0,"86":0,"87":0,"88":0,"89":0,"90":0,"91":0,"92":0,"93":0,"94":0,"95":0,"96":0,"97":0,"98":0,"99":0,"100":0,"101":0,"102":0,"103":0,"104":0,"105":0,"106":0,"107":0,"108":0,"109":1},"f":{"0":0,"1":2,"2":0,"3":0,"4":0,"5":0},"b":{"0":[0,0],"1":[0,0,0],"2":[0,0],"3":[0,0],"4":[0,2],"5":[2,2],"6":[0,2],"7":[0,2],"8":[2,0],"9":[2,2],"10":[0,0],"11":[0,0],"12":[0,0],"13":[0,0],"14":[0,0],"15":[0,0],"16":[0,0],"17":[0,0],"18":[0,0],"19":[0,0],"20":[0,0],"21":[0,0],"22":[0,0],"23":[0,0],"24":[0,0],"25":[0,0],"26":[0,0],"27":[0,0]},"_coverageSchema":"1a1c01bbd47fc00a2c39e90264f33305004495a9","hash":"233a9a7d322ef9ef29d26535d803e2b9edbe0dce"}
,"D:\\technician-schedule-system\\backend\\routes\\hospitalRoutes.js": {"path":"D:\\technician-schedule-system\\backend\\routes\\hospitalRoutes.js","statementMap":{"0":{"start":{"line":1,"column":16},"end":{"line":1,"column":34}},"1":{"start":{"line":2,"column":15},"end":{"line":2,"column":35}},"2":{"start":{"line":3,"column":17},"end":{"line":3,"column":46}},"3":{"start":{"line":4,"column":31},"end":{"line":4,"column":60}},"4":{"start":{"line":5,"column":15},"end":{"line":5,"column":42}},"5":{"start":{"line":7,"column":15},"end":{"line":7,"column":31}},"6":{"start":{"line":10,"column":0},"end":{"line":26,"column":3}},"7":{"start":{"line":11,"column":2},"end":{"line":25,"column":3}},"8":{"start":{"line":12,"column":30},"end":{"line":12,"column":39}},"9":{"start":{"line":13,"column":18},"end":{"line":13,"column":71}},"10":{"start":{"line":15,"column":22},"end":{"line":19,"column":6}},"11":{"start":{"line":21,"column":4},"end":{"line":21,"column":24}},"12":{"start":{"line":23,"column":4},"end":{"line":23,"column":58}},"13":{"start":{"line":24,"column":4},"end":{"line":24,"column":53}},"14":{"start":{"line":29,"column":0},"end":{"line":44,"column":3}},"15":{"start":{"line":30,"column":2},"end":{"line":43,"column":3}},"16":{"start":{"line":31,"column":31},"end":{"line":31,"column":39}},"17":{"start":{"line":33,"column":4},"end":{"line":35,"column":5}},"18":{"start":{"line":34,"column":6},"end":{"line":34,"column":83}},"19":{"start":{"line":37,"column":21},"end":{"line":37,"column":92}},"20":{"start":{"line":38,"column":4},"end":{"line":38,"column":75}},"21":{"start":{"line":39,"column":4},"end":{"line":39,"column":35}},"22":{"start":{"line":41,"column":4},"end":{"line":41,"column":60}},"23":{"start":{"line":42,"column":4},"end":{"line":42,"column":53}},"24":{"start":{"line":47,"column":0},"end":{"line":62,"column":3}},"25":{"start":{"line":48,"column":2},"end":{"line":61,"column":3}},"26":{"start":{"line":49,"column":21},"end":{"line":49,"column":59}},"27":{"start":{"line":51,"column":4},"end":{"line":53,"column":5}},"28":{"start":{"line":52,"column":6},"end":{"line":52,"column":68}},"29":{"start":{"line":55,"column":4},"end":{"line":55,"column":29}},"30":{"start":{"line":56,"column":4},"end":{"line":56,"column":54}},"31":{"start":{"line":57,"column":4},"end":{"line":57,"column":32}},"32":{"start":{"line":59,"column":4},"end":{"line":59,"column":60}},"33":{"start":{"line":60,"column":4},"end":{"line":60,"column":53}},"34":{"start":{"line":64,"column":0},"end":{"line":64,"column":24}}},"fnMap":{"0":{"name":"(anonymous_0)","decl":{"start":{"line":10,"column":25},"end":{"line":10,"column":26}},"loc":{"start":{"line":10,"column":45},"end":{"line":26,"column":1}},"line":10},"1":{"name":"(anonymous_1)","decl":{"start":{"line":29,"column":60},"end":{"line":29,"column":61}},"loc":{"start":{"line":29,"column":80},"end":{"line":44,"column":1}},"line":29},"2":{"name":"(anonymous_2)","decl":{"start":{"line":47,"column":65},"end":{"line":47,"column":66}},"loc":{"start":{"line":47,"column":85},"end":{"line":62,"column":1}},"line":47}},"branchMap":{"0":{"loc":{"start":{"line":13,"column":18},"end":{"line":13,"column":71}},"type":"cond-expr","locations":[{"start":{"line":13,"column":27},"end":{"line":13,"column":66}},{"start":{"line":13,"column":69},"end":{"line":13,"column":71}}],"line":13},"1":{"loc":{"start":{"line":18,"column":13},"end":{"line":18,"column":41}},"type":"cond-expr","locations":[{"start":{"line":18,"column":21},"end":{"line":18,"column":36}},{"start":{"line":18,"column":39},"end":{"line":18,"column":41}}],"line":18},"2":{"loc":{"start":{"line":33,"column":4},"end":{"line":35,"column":5}},"type":"if","locations":[{"start":{"line":33,"column":4},"end":{"line":35,"column":5}},{"start":{},"end":{}}],"line":33},"3":{"loc":{"start":{"line":33,"column":8},"end":{"line":33,"column":26}},"type":"binary-expr","locations":[{"start":{"line":33,"column":8},"end":{"line":33,"column":13}},{"start":{"line":33,"column":17},"end":{"line":33,"column":26}}],"line":33},"4":{"loc":{"start":{"line":51,"column":4},"end":{"line":53,"column":5}},"type":"if","locations":[{"start":{"line":51,"column":4},"end":{"line":53,"column":5}},{"start":{},"end":{}}],"line":51}},"s":{"0":1,"1":1,"2":1,"3":1,"4":1,"5":1,"6":1,"7":0,"8":0,"9":0,"10":0,"11":0,"12":0,"13":0,"14":1,"15":0,"16":0,"17":0,"18":0,"19":0,"20":0,"21":0,"22":0,"23":0,"24":1,"25":0,"26":0,"27":0,"28":0,"29":0,"30":0,"31":0,"32":0,"33":0,"34":1},"f":{"0":0,"1":0,"2":0},"b":{"0":[0,0],"1":[0,0],"2":[0,0],"3":[0,0],"4":[0,0]},"_coverageSchema":"1a1c01bbd47fc00a2c39e90264f33305004495a9","hash":"700b0b8c285c61344b526fcaa172e7742535414d"}
,"D:\\technician-schedule-system\\backend\\routes\\notificationRoutes.js": {"path":"D:\\technician-schedule-system\\backend\\routes\\notificationRoutes.js","statementMap":{"0":{"start":{"line":1,"column":16},"end":{"line":1,"column":34}},"1":{"start":{"line":2,"column":21},"end":{"line":2,"column":54}},"2":{"start":{"line":3,"column":18},"end":{"line":3,"column":48}},"3":{"start":{"line":4,"column":20},"end":{"line":4,"column":49}},"4":{"start":{"line":5,"column":15},"end":{"line":5,"column":42}},"5":{"start":{"line":7,"column":15},"end":{"line":7,"column":31}},"6":{"start":{"line":10,"column":0},"end":{"line":24,"column":3}},"7":{"start":{"line":11,"column":2},"end":{"line":23,"column":3}},"8":{"start":{"line":12,"column":27},"end":{"line":12,"column":36}},"9":{"start":{"line":13,"column":26},"end":{"line":18,"column":6}},"10":{"start":{"line":19,"column":4},"end":{"line":19,"column":28}},"11":{"start":{"line":21,"column":4},"end":{"line":21,"column":62}},"12":{"start":{"line":22,"column":4},"end":{"line":22,"column":53}},"13":{"start":{"line":27,"column":0},"end":{"line":47,"column":3}},"14":{"start":{"line":28,"column":2},"end":{"line":46,"column":3}},"15":{"start":{"line":29,"column":25},"end":{"line":29,"column":67}},"16":{"start":{"line":31,"column":4},"end":{"line":33,"column":5}},"17":{"start":{"line":32,"column":6},"end":{"line":32,"column":73}},"18":{"start":{"line":35,"column":4},"end":{"line":37,"column":5}},"19":{"start":{"line":36,"column":6},"end":{"line":36,"column":65}},"20":{"start":{"line":39,"column":4},"end":{"line":39,"column":31}},"21":{"start":{"line":40,"column":4},"end":{"line":40,"column":30}},"22":{"start":{"line":42,"column":4},"end":{"line":42,"column":32}},"23":{"start":{"line":44,"column":4},"end":{"line":44,"column":54}},"24":{"start":{"line":45,"column":4},"end":{"line":45,"column":53}},"25":{"start":{"line":50,"column":0},"end":{"line":61,"column":3}},"26":{"start":{"line":51,"column":2},"end":{"line":60,"column":3}},"27":{"start":{"line":52,"column":4},"end":{"line":55,"column":6}},"28":{"start":{"line":56,"column":4},"end":{"line":56,"column":32}},"29":{"start":{"line":58,"column":4},"end":{"line":58,"column":58}},"30":{"start":{"line":59,"column":4},"end":{"line":59,"column":53}},"31":{"start":{"line":64,"column":0},"end":{"line":74,"column":3}},"32":{"start":{"line":65,"column":2},"end":{"line":73,"column":3}},"33":{"start":{"line":66,"column":18},"end":{"line":68,"column":6}},"34":{"start":{"line":69,"column":4},"end":{"line":69,"column":24}},"35":{"start":{"line":71,"column":4},"end":{"line":71,"column":54}},"36":{"start":{"line":72,"column":4},"end":{"line":72,"column":53}},"37":{"start":{"line":76,"column":0},"end":{"line":76,"column":24}}},"fnMap":{"0":{"name":"(anonymous_0)","decl":{"start":{"line":10,"column":25},"end":{"line":10,"column":26}},"loc":{"start":{"line":10,"column":45},"end":{"line":24,"column":1}},"line":10},"1":{"name":"(anonymous_1)","decl":{"start":{"line":27,"column":35},"end":{"line":27,"column":36}},"loc":{"start":{"line":27,"column":55},"end":{"line":47,"column":1}},"line":27},"2":{"name":"(anonymous_2)","decl":{"start":{"line":50,"column":35},"end":{"line":50,"column":36}},"loc":{"start":{"line":50,"column":55},"end":{"line":61,"column":1}},"line":50},"3":{"name":"(anonymous_3)","decl":{"start":{"line":64,"column":37},"end":{"line":64,"column":38}},"loc":{"start":{"line":64,"column":57},"end":{"line":74,"column":1}},"line":64}},"branchMap":{"0":{"loc":{"start":{"line":12,"column":12},"end":{"line":12,"column":22}},"type":"default-arg","locations":[{"start":{"line":12,"column":20},"end":{"line":12,"column":22}}],"line":12},"1":{"loc":{"start":{"line":31,"column":4},"end":{"line":33,"column":5}},"type":"if","locations":[{"start":{"line":31,"column":4},"end":{"line":33,"column":5}},{"start":{},"end":{}}],"line":31},"2":{"loc":{"start":{"line":35,"column":4},"end":{"line":37,"column":5}},"type":"if","locations":[{"start":{"line":35,"column":4},"end":{"line":37,"column":5}},{"start":{},"end":{}}],"line":35}},"s":{"0":1,"1":1,"2":1,"3":1,"4":1,"5":1,"6":1,"7":0,"8":0,"9":0,"10":0,"11":0,"12":0,"13":1,"14":0,"15":0,"16":0,"17":0,"18":0,"19":0,"20":0,"21":0,"22":0,"23":0,"24":0,"25":1,"26":0,"27":0,"28":0,"29":0,"30":0,"31":1,"32":0,"33":0,"34":0,"35":0,"36":0,"37":1},"f":{"0":0,"1":0,"2":0,"3":0},"b":{"0":[0],"1":[0,0],"2":[0,0]},"_coverageSchema":"1a1c01bbd47fc00a2c39e90264f33305004495a9","hash":"4375599a6e03a8dd27b02d4ba83f00beb172a191"}
,"D:\\technician-schedule-system\\backend\\routes\\workOrderRoutes.js": {"path":"D:\\technician-schedule-system\\backend\\routes\\workOrderRoutes.js","statementMap":{"0":{"start":{"line":1,"column":16},"end":{"line":1,"column":34}},"1":{"start":{"line":2,"column":15},"end":{"line":2,"column":35}},"2":{"start":{"line":3,"column":18},"end":{"line":3,"column":48}},"3":{"start":{"line":4,"column":21},"end":{"line":4,"column":54}},"4":{"start":{"line":5,"column":13},"end":{"line":5,"column":38}},"5":{"start":{"line":6,"column":31},"end":{"line":6,"column":60}},"6":{"start":{"line":7,"column":15},"end":{"line":7,"column":42}},"7":{"start":{"line":9,"column":15},"end":{"line":9,"column":31}},"8":{"start":{"line":11,"column":25},"end":{"line":11,"column":55}},"9":{"start":{"line":12,"column":23},"end":{"line":12,"column":41}},"10":{"start":{"line":14,"column":23},"end":{"line":18,"column":1}},"11":{"start":{"line":21,"column":25},"end":{"line":28,"column":1}},"12":{"start":{"line":22,"column":14},"end":{"line":22,"column":24}},"13":{"start":{"line":23,"column":20},"end":{"line":23,"column":88}},"14":{"start":{"line":24,"column":16},"end":{"line":26,"column":4}},"15":{"start":{"line":27,"column":2},"end":{"line":27,"column":65}},"16":{"start":{"line":31,"column":0},"end":{"line":74,"column":3}},"17":{"start":{"line":32,"column":2},"end":{"line":73,"column":3}},"18":{"start":{"line":34,"column":62},"end":{"line":34,"column":70}},"19":{"start":{"line":37,"column":4},"end":{"line":39,"column":5}},"20":{"start":{"line":38,"column":6},"end":{"line":38,"column":85}},"21":{"start":{"line":41,"column":21},"end":{"line":41,"column":45}},"22":{"start":{"line":43,"column":22},"end":{"line":54,"column":6}},"23":{"start":{"line":57,"column":24},"end":{"line":57,"column":101}},"24":{"start":{"line":58,"column":4},"end":{"line":66,"column":5}},"25":{"start":{"line":59,"column":6},"end":{"line":65,"column":9}},"26":{"start":{"line":68,"column":4},"end":{"line":68,"column":75}},"27":{"start":{"line":69,"column":4},"end":{"line":69,"column":36}},"28":{"start":{"line":71,"column":4},"end":{"line":71,"column":62}},"29":{"start":{"line":72,"column":4},"end":{"line":72,"column":53}},"30":{"start":{"line":77,"column":0},"end":{"line":105,"column":3}},"31":{"start":{"line":78,"column":2},"end":{"line":104,"column":3}},"32":{"start":{"line":79,"column":36},"end":{"line":79,"column":45}},"33":{"start":{"line":80,"column":18},"end":{"line":80,"column":47}},"34":{"start":{"line":82,"column":4},"end":{"line":86,"column":5}},"35":{"start":{"line":83,"column":24},"end":{"line":83,"column":62}},"36":{"start":{"line":84,"column":22},"end":{"line":84,"column":56}},"37":{"start":{"line":85,"column":6},"end":{"line":85,"column":68}},"38":{"start":{"line":88,"column":4},"end":{"line":88,"column":38}},"39":{"start":{"line":88,"column":16},"end":{"line":88,"column":38}},"40":{"start":{"line":90,"column":19},"end":{"line":98,"column":6}},"41":{"start":{"line":100,"column":4},"end":{"line":100,"column":21}},"42":{"start":{"line":102,"column":4},"end":{"line":102,"column":58}},"43":{"start":{"line":103,"column":4},"end":{"line":103,"column":53}},"44":{"start":{"line":108,"column":0},"end":{"line":137,"column":3}},"45":{"start":{"line":109,"column":2},"end":{"line":136,"column":3}},"46":{"start":{"line":110,"column":48},"end":{"line":110,"column":57}},"47":{"start":{"line":111,"column":18},"end":{"line":111,"column":20}},"48":{"start":{"line":113,"column":4},"end":{"line":117,"column":5}},"49":{"start":{"line":114,"column":24},"end":{"line":114,"column":62}},"50":{"start":{"line":115,"column":22},"end":{"line":115,"column":56}},"51":{"start":{"line":116,"column":6},"end":{"line":116,"column":68}},"52":{"start":{"line":119,"column":4},"end":{"line":119,"column":52}},"53":{"start":{"line":119,"column":20},"end":{"line":119,"column":52}},"54":{"start":{"line":120,"column":4},"end":{"line":120,"column":38}},"55":{"start":{"line":120,"column":16},"end":{"line":120,"column":38}},"56":{"start":{"line":122,"column":19},"end":{"line":130,"column":6}},"57":{"start":{"line":132,"column":4},"end":{"line":132,"column":21}},"58":{"start":{"line":134,"column":4},"end":{"line":134,"column":59}},"59":{"start":{"line":135,"column":4},"end":{"line":135,"column":53}},"60":{"start":{"line":140,"column":0},"end":{"line":163,"column":3}},"61":{"start":{"line":141,"column":2},"end":{"line":162,"column":3}},"62":{"start":{"line":142,"column":18},"end":{"line":144,"column":6}},"63":{"start":{"line":146,"column":4},"end":{"line":148,"column":5}},"64":{"start":{"line":147,"column":6},"end":{"line":147,"column":71}},"65":{"start":{"line":151,"column":20},"end":{"line":151,"column":54}},"66":{"start":{"line":152,"column":25},"end":{"line":152,"column":84}},"67":{"start":{"line":154,"column":4},"end":{"line":156,"column":5}},"68":{"start":{"line":155,"column":6},"end":{"line":155,"column":84}},"69":{"start":{"line":158,"column":4},"end":{"line":158,"column":20}},"70":{"start":{"line":160,"column":4},"end":{"line":160,"column":54}},"71":{"start":{"line":161,"column":4},"end":{"line":161,"column":53}},"72":{"start":{"line":166,"column":0},"end":{"line":201,"column":3}},"73":{"start":{"line":167,"column":2},"end":{"line":200,"column":3}},"74":{"start":{"line":168,"column":29},"end":{"line":168,"column":37}},"75":{"start":{"line":169,"column":18},"end":{"line":169,"column":86}},"76":{"start":{"line":171,"column":4},"end":{"line":173,"column":5}},"77":{"start":{"line":172,"column":6},"end":{"line":172,"column":71}},"78":{"start":{"line":175,"column":4},"end":{"line":177,"column":5}},"79":{"start":{"line":176,"column":6},"end":{"line":176,"column":85}},"80":{"start":{"line":179,"column":4},"end":{"line":179,"column":30}},"81":{"start":{"line":180,"column":4},"end":{"line":180,"column":37}},"82":{"start":{"line":181,"column":4},"end":{"line":181,"column":34}},"83":{"start":{"line":182,"column":4},"end":{"line":182,"column":56}},"84":{"start":{"line":182,"column":22},"end":{"line":182,"column":56}},"85":{"start":{"line":183,"column":4},"end":{"line":183,"column":23}},"86":{"start":{"line":184,"column":4},"end":{"line":184,"column":52}},"87":{"start":{"line":187,"column":4},"end":{"line":193,"column":7}},"88":{"start":{"line":195,"column":4},"end":{"line":195,"column":82}},"89":{"start":{"line":196,"column":4},"end":{"line":196,"column":20}},"90":{"start":{"line":198,"column":4},"end":{"line":198,"column":52}},"91":{"start":{"line":199,"column":4},"end":{"line":199,"column":53}},"92":{"start":{"line":204,"column":0},"end":{"line":241,"column":3}},"93":{"start":{"line":205,"column":2},"end":{"line":240,"column":3}},"94":{"start":{"line":207,"column":50},"end":{"line":207,"column":58}},"95":{"start":{"line":209,"column":4},"end":{"line":211,"column":5}},"96":{"start":{"line":210,"column":6},"end":{"line":210,"column":81}},"97":{"start":{"line":213,"column":18},"end":{"line":213,"column":86}},"98":{"start":{"line":215,"column":4},"end":{"line":217,"column":5}},"99":{"start":{"line":216,"column":6},"end":{"line":216,"column":71}},"100":{"start":{"line":220,"column":20},"end":{"line":220,"column":54}},"101":{"start":{"line":221,"column":25},"end":{"line":221,"column":84}},"102":{"start":{"line":223,"column":4},"end":{"line":225,"column":5}},"103":{"start":{"line":224,"column":6},"end":{"line":224,"column":65}},"104":{"start":{"line":227,"column":4},"end":{"line":227,"column":34}},"105":{"start":{"line":228,"column":4},"end":{"line":228,"column":44}},"106":{"start":{"line":229,"column":4},"end":{"line":229,"column":40}},"107":{"start":{"line":230,"column":4},"end":{"line":230,"column":42}},"108":{"start":{"line":231,"column":4},"end":{"line":231,"column":48}},"109":{"start":{"line":232,"column":4},"end":{"line":232,"column":31}},"110":{"start":{"line":233,"column":4},"end":{"line":233,"column":23}},"111":{"start":{"line":235,"column":4},"end":{"line":235,"column":83}},"112":{"start":{"line":236,"column":4},"end":{"line":236,"column":20}},"113":{"start":{"line":238,"column":4},"end":{"line":238,"column":58}},"114":{"start":{"line":239,"column":4},"end":{"line":239,"column":53}},"115":{"start":{"line":244,"column":0},"end":{"line":300,"column":3}},"116":{"start":{"line":245,"column":2},"end":{"line":299,"column":3}},"117":{"start":{"line":246,"column":32},"end":{"line":246,"column":40}},"118":{"start":{"line":248,"column":4},"end":{"line":250,"column":5}},"119":{"start":{"line":249,"column":6},"end":{"line":249,"column":83}},"120":{"start":{"line":252,"column":18},"end":{"line":252,"column":86}},"121":{"start":{"line":254,"column":4},"end":{"line":256,"column":5}},"122":{"start":{"line":255,"column":6},"end":{"line":255,"column":71}},"123":{"start":{"line":259,"column":20},"end":{"line":259,"column":54}},"124":{"start":{"line":260,"column":4},"end":{"line":262,"column":5}},"125":{"start":{"line":261,"column":6},"end":{"line":261,"column":79}},"126":{"start":{"line":265,"column":21},"end":{"line":265,"column":38}},"127":{"start":{"line":266,"column":20},"end":{"line":272,"column":6}},"128":{"start":{"line":273,"column":4},"end":{"line":273,"column":38}},"129":{"start":{"line":274,"column":4},"end":{"line":274,"column":45}},"130":{"start":{"line":276,"column":4},"end":{"line":276,"column":42}},"131":{"start":{"line":277,"column":4},"end":{"line":277,"column":38}},"132":{"start":{"line":278,"column":4},"end":{"line":278,"column":28}},"133":{"start":{"line":279,"column":4},"end":{"line":279,"column":26}},"134":{"start":{"line":280,"column":4},"end":{"line":280,"column":23}},"135":{"start":{"line":283,"column":24},"end":{"line":283,"column":101}},"136":{"start":{"line":284,"column":4},"end":{"line":292,"column":5}},"137":{"start":{"line":285,"column":6},"end":{"line":291,"column":9}},"138":{"start":{"line":294,"column":4},"end":{"line":294,"column":75}},"139":{"start":{"line":295,"column":4},"end":{"line":295,"column":20}},"140":{"start":{"line":297,"column":4},"end":{"line":297,"column":55}},"141":{"start":{"line":298,"column":4},"end":{"line":298,"column":53}},"142":{"start":{"line":303,"column":0},"end":{"line":379,"column":3}},"143":{"start":{"line":304,"column":2},"end":{"line":378,"column":3}},"144":{"start":{"line":305,"column":29},"end":{"line":305,"column":37}},"145":{"start":{"line":308,"column":4},"end":{"line":310,"column":5}},"146":{"start":{"line":309,"column":6},"end":{"line":309,"column":75}},"147":{"start":{"line":312,"column":18},"end":{"line":312,"column":86}},"148":{"start":{"line":314,"column":4},"end":{"line":316,"column":5}},"149":{"start":{"line":315,"column":6},"end":{"line":315,"column":59}},"150":{"start":{"line":319,"column":32},"end":{"line":319,"column":99}},"151":{"start":{"line":320,"column":4},"end":{"line":324,"column":5}},"152":{"start":{"line":321,"column":6},"end":{"line":323,"column":9}},"153":{"start":{"line":327,"column":20},"end":{"line":327,"column":54}},"154":{"start":{"line":328,"column":25},"end":{"line":328,"column":84}},"155":{"start":{"line":330,"column":4},"end":{"line":332,"column":5}},"156":{"start":{"line":331,"column":6},"end":{"line":331,"column":73}},"157":{"start":{"line":335,"column":4},"end":{"line":335,"column":31}},"158":{"start":{"line":336,"column":4},"end":{"line":336,"column":38}},"159":{"start":{"line":337,"column":4},"end":{"line":337,"column":35}},"160":{"start":{"line":338,"column":4},"end":{"line":338,"column":45}},"161":{"start":{"line":339,"column":4},"end":{"line":339,"column":23}},"162":{"start":{"line":342,"column":4},"end":{"line":342,"column":108}},"163":{"start":{"line":345,"column":4},"end":{"line":366,"column":5}},"164":{"start":{"line":347,"column":6},"end":{"line":353,"column":9}},"165":{"start":{"line":354,"column":11},"end":{"line":366,"column":5}},"166":{"start":{"line":356,"column":26},"end":{"line":356,"column":103}},"167":{"start":{"line":357,"column":6},"end":{"line":365,"column":7}},"168":{"start":{"line":358,"column":8},"end":{"line":364,"column":11}},"169":{"start":{"line":368,"column":4},"end":{"line":368,"column":52}},"170":{"start":{"line":370,"column":4},"end":{"line":374,"column":7}},"171":{"start":{"line":376,"column":4},"end":{"line":376,"column":62}},"172":{"start":{"line":377,"column":4},"end":{"line":377,"column":53}},"173":{"start":{"line":382,"column":0},"end":{"line":395,"column":3}},"174":{"start":{"line":383,"column":2},"end":{"line":394,"column":3}},"175":{"start":{"line":384,"column":19},"end":{"line":388,"column":6}},"176":{"start":{"line":390,"column":4},"end":{"line":390,"column":21}},"177":{"start":{"line":392,"column":4},"end":{"line":392,"column":56}},"178":{"start":{"line":393,"column":4},"end":{"line":393,"column":53}},"179":{"start":{"line":398,"column":0},"end":{"line":423,"column":3}},"180":{"start":{"line":399,"column":2},"end":{"line":422,"column":3}},"181":{"start":{"line":400,"column":28},"end":{"line":400,"column":37}},"182":{"start":{"line":401,"column":18},"end":{"line":401,"column":41}},"183":{"start":{"line":403,"column":4},"end":{"line":407,"column":5}},"184":{"start":{"line":404,"column":24},"end":{"line":404,"column":62}},"185":{"start":{"line":405,"column":22},"end":{"line":405,"column":56}},"186":{"start":{"line":406,"column":6},"end":{"line":406,"column":68}},"187":{"start":{"line":409,"column":19},"end":{"line":416,"column":6}},"188":{"start":{"line":418,"column":4},"end":{"line":418,"column":21}},"189":{"start":{"line":420,"column":4},"end":{"line":420,"column":65}},"190":{"start":{"line":421,"column":4},"end":{"line":421,"column":53}},"191":{"start":{"line":425,"column":0},"end":{"line":425,"column":24}}},"fnMap":{"0":{"name":"(anonymous_0)","decl":{"start":{"line":21,"column":25},"end":{"line":21,"column":26}},"loc":{"start":{"line":21,"column":37},"end":{"line":28,"column":1}},"line":21},"1":{"name":"(anonymous_1)","decl":{"start":{"line":31,"column":26},"end":{"line":31,"column":27}},"loc":{"start":{"line":31,"column":46},"end":{"line":74,"column":1}},"line":31},"2":{"name":"(anonymous_2)","decl":{"start":{"line":77,"column":27},"end":{"line":77,"column":28}},"loc":{"start":{"line":77,"column":47},"end":{"line":105,"column":1}},"line":77},"3":{"name":"(anonymous_3)","decl":{"start":{"line":108,"column":62},"end":{"line":108,"column":63}},"loc":{"start":{"line":108,"column":82},"end":{"line":137,"column":1}},"line":108},"4":{"name":"(anonymous_4)","decl":{"start":{"line":140,"column":28},"end":{"line":140,"column":29}},"loc":{"start":{"line":140,"column":48},"end":{"line":163,"column":1}},"line":140},"5":{"name":"(anonymous_5)","decl":{"start":{"line":166,"column":72},"end":{"line":166,"column":73}},"loc":{"start":{"line":166,"column":92},"end":{"line":201,"column":1}},"line":166},"6":{"name":"(anonymous_6)","decl":{"start":{"line":204,"column":37},"end":{"line":204,"column":38}},"loc":{"start":{"line":204,"column":57},"end":{"line":241,"column":1}},"line":204},"7":{"name":"(anonymous_7)","decl":{"start":{"line":244,"column":41},"end":{"line":244,"column":42}},"loc":{"start":{"line":244,"column":61},"end":{"line":300,"column":1}},"line":244},"8":{"name":"(anonymous_8)","decl":{"start":{"line":303,"column":37},"end":{"line":303,"column":38}},"loc":{"start":{"line":303,"column":57},"end":{"line":379,"column":1}},"line":303},"9":{"name":"(anonymous_9)","decl":{"start":{"line":382,"column":73},"end":{"line":382,"column":74}},"loc":{"start":{"line":382,"column":93},"end":{"line":395,"column":1}},"line":382},"10":{"name":"(anonymous_10)","decl":{"start":{"line":398,"column":75},"end":{"line":398,"column":76}},"loc":{"start":{"line":398,"column":95},"end":{"line":423,"column":1}},"line":398}},"branchMap":{"0":{"loc":{"start":{"line":37,"column":4},"end":{"line":39,"column":5}},"type":"if","locations":[{"start":{"line":37,"column":4},"end":{"line":39,"column":5}},{"start":{},"end":{}}],"line":37},"1":{"loc":{"start":{"line":37,"column":8},"end":{"line":37,"column":71}},"type":"binary-expr","locations":[{"start":{"line":37,"column":8},"end":{"line":37,"column":21}},{"start":{"line":37,"column":25},"end":{"line":37,"column":42}},{"start":{"line":37,"column":46},"end":{"line":37,"column":55}},{"start":{"line":37,"column":59},"end":{"line":37,"column":71}}],"line":37},"2":{"loc":{"start":{"line":82,"column":4},"end":{"line":86,"column":5}},"type":"if","locations":[{"start":{"line":82,"column":4},"end":{"line":86,"column":5}},{"start":{},"end":{}}],"line":82},"3":{"loc":{"start":{"line":82,"column":8},"end":{"line":82,"column":21}},"type":"binary-expr","locations":[{"start":{"line":82,"column":8},"end":{"line":82,"column":13}},{"start":{"line":82,"column":17},"end":{"line":82,"column":21}}],"line":82},"4":{"loc":{"start":{"line":88,"column":4},"end":{"line":88,"column":38}},"type":"if","locations":[{"start":{"line":88,"column":4},"end":{"line":88,"column":38}},{"start":{},"end":{}}],"line":88},"5":{"loc":{"start":{"line":113,"column":4},"end":{"line":117,"column":5}},"type":"if","locations":[{"start":{"line":113,"column":4},"end":{"line":117,"column":5}},{"start":{},"end":{}}],"line":113},"6":{"loc":{"start":{"line":113,"column":8},"end":{"line":113,"column":21}},"type":"binary-expr","locations":[{"start":{"line":113,"column":8},"end":{"line":113,"column":13}},{"start":{"line":113,"column":17},"end":{"line":113,"column":21}}],"line":113},"7":{"loc":{"start":{"line":119,"column":4},"end":{"line":119,"column":52}},"type":"if","locations":[{"start":{"line":119,"column":4},"end":{"line":119,"column":52}},{"start":{},"end":{}}],"line":119},"8":{"loc":{"start":{"line":120,"column":4},"end":{"line":120,"column":38}},"type":"if","locations":[{"start":{"line":120,"column":4},"end":{"line":120,"column":38}},{"start":{},"end":{}}],"line":120},"9":{"loc":{"start":{"line":146,"column":4},"end":{"line":148,"column":5}},"type":"if","locations":[{"start":{"line":146,"column":4},"end":{"line":148,"column":5}},{"start":{},"end":{}}],"line":146},"10":{"loc":{"start":{"line":152,"column":25},"end":{"line":152,"column":84}},"type":"binary-expr","locations":[{"start":{"line":152,"column":25},"end":{"line":152,"column":55}},{"start":{"line":152,"column":59},"end":{"line":152,"column":84}}],"line":152},"11":{"loc":{"start":{"line":154,"column":4},"end":{"line":156,"column":5}},"type":"if","locations":[{"start":{"line":154,"column":4},"end":{"line":156,"column":5}},{"start":{},"end":{}}],"line":154},"12":{"loc":{"start":{"line":154,"column":8},"end":{"line":154,"column":33}},"type":"binary-expr","locations":[{"start":{"line":154,"column":8},"end":{"line":154,"column":16}},{"start":{"line":154,"column":20},"end":{"line":154,"column":33}}],"line":154},"13":{"loc":{"start":{"line":171,"column":4},"end":{"line":173,"column":5}},"type":"if","locations":[{"start":{"line":171,"column":4},"end":{"line":173,"column":5}},{"start":{},"end":{}}],"line":171},"14":{"loc":{"start":{"line":175,"column":4},"end":{"line":177,"column":5}},"type":"if","locations":[{"start":{"line":175,"column":4},"end":{"line":177,"column":5}},{"start":{},"end":{}}],"line":175},"15":{"loc":{"start":{"line":182,"column":4},"end":{"line":182,"column":56}},"type":"if","locations":[{"start":{"line":182,"column":4},"end":{"line":182,"column":56}},{"start":{},"end":{}}],"line":182},"16":{"loc":{"start":{"line":209,"column":4},"end":{"line":211,"column":5}},"type":"if","locations":[{"start":{"line":209,"column":4},"end":{"line":211,"column":5}},{"start":{},"end":{}}],"line":209},"17":{"loc":{"start":{"line":215,"column":4},"end":{"line":217,"column":5}},"type":"if","locations":[{"start":{"line":215,"column":4},"end":{"line":217,"column":5}},{"start":{},"end":{}}],"line":215},"18":{"loc":{"start":{"line":221,"column":25},"end":{"line":221,"column":84}},"type":"binary-expr","locations":[{"start":{"line":221,"column":25},"end":{"line":221,"column":55}},{"start":{"line":221,"column":59},"end":{"line":221,"column":84}}],"line":221},"19":{"loc":{"start":{"line":223,"column":4},"end":{"line":225,"column":5}},"type":"if","locations":[{"start":{"line":223,"column":4},"end":{"line":225,"column":5}},{"start":{},"end":{}}],"line":223},"20":{"loc":{"start":{"line":223,"column":8},"end":{"line":223,"column":33}},"type":"binary-expr","locations":[{"start":{"line":223,"column":8},"end":{"line":223,"column":16}},{"start":{"line":223,"column":20},"end":{"line":223,"column":33}}],"line":223},"21":{"loc":{"start":{"line":248,"column":4},"end":{"line":250,"column":5}},"type":"if","locations":[{"start":{"line":248,"column":4},"end":{"line":250,"column":5}},{"start":{},"end":{}}],"line":248},"22":{"loc":{"start":{"line":248,"column":8},"end":{"line":248,"column":27}},"type":"binary-expr","locations":[{"start":{"line":248,"column":8},"end":{"line":248,"column":16}},{"start":{"line":248,"column":20},"end":{"line":248,"column":27}}],"line":248},"23":{"loc":{"start":{"line":254,"column":4},"end":{"line":256,"column":5}},"type":"if","locations":[{"start":{"line":254,"column":4},"end":{"line":256,"column":5}},{"start":{},"end":{}}],"line":254},"24":{"loc":{"start":{"line":260,"column":4},"end":{"line":262,"column":5}},"type":"if","locations":[{"start":{"line":260,"column":4},"end":{"line":262,"column":5}},{"start":{},"end":{}}],"line":260},"25":{"loc":{"start":{"line":260,"column":8},"end":{"line":260,"column":45}},"type":"binary-expr","locations":[{"start":{"line":260,"column":8},"end":{"line":260,"column":16}},{"start":{"line":260,"column":20},"end":{"line":260,"column":45}}],"line":260},"26":{"loc":{"start":{"line":266,"column":25},"end":{"line":266,"column":54}},"type":"binary-expr","locations":[{"start":{"line":266,"column":25},"end":{"line":266,"column":48}},{"start":{"line":266,"column":52},"end":{"line":266,"column":54}}],"line":266},"27":{"loc":{"start":{"line":308,"column":4},"end":{"line":310,"column":5}},"type":"if","locations":[{"start":{"line":308,"column":4},"end":{"line":310,"column":5}},{"start":{},"end":{}}],"line":308},"28":{"loc":{"start":{"line":308,"column":8},"end":{"line":308,"column":51}},"type":"binary-expr","locations":[{"start":{"line":308,"column":8},"end":{"line":308,"column":21}},{"start":{"line":308,"column":25},"end":{"line":308,"column":51}}],"line":308},"29":{"loc":{"start":{"line":314,"column":4},"end":{"line":316,"column":5}},"type":"if","locations":[{"start":{"line":314,"column":4},"end":{"line":316,"column":5}},{"start":{},"end":{}}],"line":314},"30":{"loc":{"start":{"line":320,"column":4},"end":{"line":324,"column":5}},"type":"if","locations":[{"start":{"line":320,"column":4},"end":{"line":324,"column":5}},{"start":{},"end":{}}],"line":320},"31":{"loc":{"start":{"line":328,"column":25},"end":{"line":328,"column":84}},"type":"binary-expr","locations":[{"start":{"line":328,"column":25},"end":{"line":328,"column":55}},{"start":{"line":328,"column":59},"end":{"line":328,"column":84}}],"line":328},"32":{"loc":{"start":{"line":330,"column":4},"end":{"line":332,"column":5}},"type":"if","locations":[{"start":{"line":330,"column":4},"end":{"line":332,"column":5}},{"start":{},"end":{}}],"line":330},"33":{"loc":{"start":{"line":330,"column":8},"end":{"line":330,"column":33}},"type":"binary-expr","locations":[{"start":{"line":330,"column":8},"end":{"line":330,"column":16}},{"start":{"line":330,"column":20},"end":{"line":330,"column":33}}],"line":330},"34":{"loc":{"start":{"line":345,"column":4},"end":{"line":366,"column":5}},"type":"if","locations":[{"start":{"line":345,"column":4},"end":{"line":366,"column":5}},{"start":{"line":354,"column":11},"end":{"line":366,"column":5}}],"line":345},"35":{"loc":{"start":{"line":354,"column":11},"end":{"line":366,"column":5}},"type":"if","locations":[{"start":{"line":354,"column":11},"end":{"line":366,"column":5}},{"start":{},"end":{}}],"line":354},"36":{"loc":{"start":{"line":403,"column":4},"end":{"line":407,"column":5}},"type":"if","locations":[{"start":{"line":403,"column":4},"end":{"line":407,"column":5}},{"start":{},"end":{}}],"line":403},"37":{"loc":{"start":{"line":403,"column":8},"end":{"line":403,"column":21}},"type":"binary-expr","locations":[{"start":{"line":403,"column":8},"end":{"line":403,"column":13}},{"start":{"line":403,"column":17},"end":{"line":403,"column":21}}],"line":403}},"s":{"0":1,"1":1,"2":1,"3":1,"4":1,"5":1,"6":1,"7":1,"8":1,"9":1,"10":1,"11":1,"12":5,"13":5,"14":5,"15":5,"16":1,"17":5,"18":5,"19":5,"20":0,"21":5,"22":5,"23":5,"24":5,"25":5,"26":5,"27":5,"28":0,"29":0,"30":1,"31":0,"32":0,"33":0,"34":0,"35":0,"36":0,"37":0,"38":0,"39":0,"40":0,"41":0,"42":0,"43":0,"44":1,"45":0,"46":0,"47":0,"48":0,"49":0,"50":0,"51":0,"52":0,"53":0,"54":0,"55":0,"56":0,"57":0,"58":0,"59":0,"60":1,"61":0,"62":0,"63":0,"64":0,"65":0,"66":0,"67":0,"68":0,"69":0,"70":0,"71":0,"72":1,"73":1,"74":1,"75":1,"76":1,"77":0,"78":1,"79":0,"80":1,"81":1,"82":1,"83":1,"84":0,"85":1,"86":1,"87":1,"88":1,"89":1,"90":0,"91":0,"92":1,"93":1,"94":1,"95":1,"96":0,"97":1,"98":1,"99":0,"100":1,"101":1,"102":1,"103":0,"104":1,"105":1,"106":1,"107":1,"108":1,"109":1,"110":1,"111":1,"112":1,"113":0,"114":0,"115":1,"116":0,"117":0,"118":0,"119":0,"120":0,"121":0,"122":0,"123":0,"124":0,"125":0,"126":0,"127":0,"128":0,"129":0,"130":0,"131":0,"132":0,"133":0,"134":0,"135":0,"136":0,"137":0,"138":0,"139":0,"140":0,"141":0,"142":1,"143":5,"144":5,"145":5,"146":1,"147":4,"148":4,"149":0,"150":4,"151":4,"152":1,"153":3,"154":3,"155":3,"156":0,"157":3,"158":3,"159":3,"160":3,"161":3,"162":3,"163":3,"164":1,"165":2,"166":2,"167":2,"168":2,"169":3,"170":3,"171":0,"172":0,"173":1,"174":0,"175":0,"176":0,"177":0,"178":0,"179":1,"180":0,"181":0,"182":0,"183":0,"184":0,"185":0,"186":0,"187":0,"188":0,"189":0,"190":0,"191":1},"f":{"0":5,"1":5,"2":0,"3":0,"4":0,"5":1,"6":1,"7":0,"8":5,"9":0,"10":0},"b":{"0":[0,5],"1":[5,5,5,5],"2":[0,0],"3":[0,0],"4":[0,0],"5":[0,0],"6":[0,0],"7":[0,0],"8":[0,0],"9":[0,0],"10":[0,0],"11":[0,0],"12":[0,0],"13":[0,1],"14":[0,1],"15":[0,1],"16":[0,1],"17":[0,1],"18":[1,1],"19":[0,1],"20":[1,0],"21":[0,0],"22":[0,0],"23":[0,0],"24":[0,0],"25":[0,0],"26":[0,0],"27":[1,4],"28":[5,4],"29":[0,4],"30":[1,3],"31":[3,2],"32":[0,3],"33":[3,1],"34":[1,2],"35":[2,0],"36":[0,0],"37":[0,0]},"_coverageSchema":"1a1c01bbd47fc00a2c39e90264f33305004495a9","hash":"a1421848c57a7864d71f9a90a1cb48bf2afe359e"}
}
