TN:
SF:server.js
FN:36,(anonymous_0)
FN:48,(anonymous_1)
FN:57,(anonymous_2)
FN:67,(anonymous_3)
FN:72,(anonymous_4)
FN:74,(anonymous_5)
FNF:6
FNH:2
FNDA:15,(anonymous_0)
FNDA:0,(anonymous_1)
FNDA:0,(anonymous_2)
FNDA:1,(anonymous_3)
FNDA:0,(anonymous_4)
FNDA:0,(anonymous_5)
DA:1,1
DA:2,1
DA:3,1
DA:4,1
DA:5,1
DA:6,1
DA:9,1
DA:10,1
DA:11,1
DA:12,1
DA:15,1
DA:18,1
DA:21,1
DA:23,1
DA:26,1
DA:27,1
DA:30,1
DA:36,1
DA:37,15
DA:38,15
DA:42,1
DA:43,1
DA:44,1
DA:45,1
DA:48,1
DA:49,0
DA:57,1
DA:58,0
DA:59,0
DA:65,1
DA:67,1
DA:68,1
DA:72,1
DA:73,0
DA:74,0
DA:77,1
LF:36
LH:31
BRDA:31,0,0,1
BRDA:31,0,1,1
BRDA:61,1,0,0
BRDA:61,1,1,0
BRDA:65,2,0,1
BRDA:65,2,1,0
BRDA:68,3,0,1
BRDA:68,3,1,0
BRF:8
BRH:4
end_of_record
TN:
SF:config\database.js
FN:14,(anonymous_0)
FNF:1
FNH:1
FNDA:1,(anonymous_0)
DA:1,1
DA:2,1
DA:3,1
DA:5,1
DA:9,1
DA:14,1
DA:15,1
DA:16,1
DA:19,1
DA:20,0
DA:22,1
DA:24,0
DA:25,0
DA:29,1
LF:14
LH:11
BRDA:5,0,0,1
BRDA:5,0,1,0
BRDA:6,1,0,1
BRDA:6,1,1,0
BRDA:19,2,0,0
BRDA:19,2,1,1
BRF:6
BRH:3
end_of_record
TN:
SF:config\logger.js
FNF:0
FNH:0
DA:1,1
DA:2,1
DA:3,1
DA:6,1
DA:7,1
DA:8,0
DA:11,1
DA:40,1
LF:8
LH:7
BRDA:7,0,0,0
BRDA:7,0,1,1
BRDA:12,1,0,1
BRDA:12,1,1,0
BRF:4
BRH:2
end_of_record
TN:
SF:cron\overdueCheck.js
FN:9,(anonymous_0)
FNF:1
FNH:0
FNDA:0,(anonymous_0)
DA:1,1
DA:2,1
DA:3,1
DA:4,1
DA:5,1
DA:6,1
DA:9,1
DA:10,0
DA:12,0
DA:13,0
DA:15,0
DA:16,0
DA:24,0
DA:26,0
DA:27,0
DA:30,0
DA:31,0
DA:32,0
DA:33,0
DA:34,0
DA:36,0
DA:39,0
DA:48,0
DA:49,0
DA:50,0
DA:61,0
DA:63,0
LF:27
LH:7
BRDA:30,0,0,0
BRDA:30,0,1,0
BRDA:30,1,0,0
BRDA:30,1,1,0
BRF:4
BRH:0
end_of_record
TN:
SF:middleware\auth.js
FN:5,(anonymous_0)
FN:35,(anonymous_1)
FN:36,(anonymous_2)
FNF:3
FNH:3
FNDA:13,(anonymous_0)
FNDA:9,(anonymous_1)
FNDA:1,(anonymous_2)
DA:1,1
DA:2,1
DA:3,1
DA:5,1
DA:8,13
DA:9,13
DA:10,13
DA:11,13
DA:12,13
DA:14,13
DA:15,1
DA:18,12
DA:19,0
DA:22,12
DA:24,0
DA:25,0
DA:26,0
DA:28,0
DA:31,0
DA:35,1
DA:36,9
DA:37,1
DA:38,0
DA:39,0
DA:43,1
DA:47,1
LF:26
LH:18
BRDA:8,0,0,13
BRDA:8,0,1,0
BRDA:8,1,0,13
BRDA:8,1,1,13
BRDA:14,2,0,1
BRDA:14,2,1,12
BRDA:18,3,0,0
BRDA:18,3,1,12
BRDA:25,4,0,0
BRDA:25,4,1,0
BRDA:37,5,0,0
BRDA:37,5,1,1
BRF:12
BRH:7
end_of_record
TN:
SF:models\Hospital.js
FN:26,(anonymous_0)
FNF:1
FNH:0
FNDA:0,(anonymous_0)
DA:1,1
DA:2,1
DA:4,1
DA:26,1
DA:27,0
DA:28,0
DA:29,0
DA:30,0
DA:33,1
LF:9
LH:5
BRF:0
BRH:0
end_of_record
TN:
SF:models\Notification.js
FN:50,(anonymous_0)
FN:55,(anonymous_1)
FNF:2
FNH:0
FNDA:0,(anonymous_0)
FNDA:0,(anonymous_1)
DA:1,1
DA:2,1
DA:3,1
DA:4,1
DA:6,1
DA:47,1
DA:48,1
DA:50,1
DA:51,0
DA:52,0
DA:53,0
DA:55,0
DA:56,0
DA:57,0
DA:59,0
DA:61,0
DA:62,0
DA:64,0
DA:67,1
LF:19
LH:9
BRDA:56,0,0,0
BRDA:56,0,1,0
BRDA:57,1,0,0
BRDA:57,1,1,0
BRF:4
BRH:0
end_of_record
TN:
SF:models\User.js
FN:43,(anonymous_0)
FN:53,(anonymous_1)
FNF:2
FNH:2
FNDA:2,(anonymous_0)
FNDA:10,(anonymous_1)
DA:1,1
DA:2,1
DA:4,1
DA:44,2
DA:45,2
DA:46,2
DA:47,2
DA:53,1
DA:54,10
DA:55,10
DA:56,10
DA:57,10
DA:58,10
DA:61,1
LF:14
LH:14
BRDA:44,0,0,2
BRDA:44,0,1,0
BRDA:45,1,0,2
BRDA:45,1,1,0
BRDA:46,2,0,0
BRDA:46,2,1,2
BRDA:47,3,0,0
BRDA:47,3,1,2
BRF:8
BRH:4
end_of_record
TN:
SF:models\WorkOrder.js
FN:123,(anonymous_0)
FN:128,(anonymous_1)
FNF:2
FNH:2
FNDA:10,(anonymous_0)
FNDA:30,(anonymous_1)
DA:1,1
DA:2,1
DA:3,1
DA:5,1
DA:117,1
DA:118,1
DA:119,1
DA:123,1
DA:124,10
DA:125,10
DA:126,10
DA:128,10
DA:129,30
DA:130,15
DA:132,30
DA:134,10
DA:135,10
DA:136,10
DA:138,10
DA:141,1
LF:20
LH:20
BRDA:129,0,0,15
BRDA:129,0,1,15
BRDA:130,1,0,15
BRDA:130,1,1,10
BRF:4
BRH:4
end_of_record
TN:
SF:routes\authRoutes.js
FN:11,(anonymous_0)
FN:54,(anonymous_1)
FN:101,(anonymous_2)
FN:112,(anonymous_3)
FN:143,(anonymous_4)
FN:165,(anonymous_5)
FNF:6
FNH:1
FNDA:0,(anonymous_0)
FNDA:2,(anonymous_1)
FNDA:0,(anonymous_2)
FNDA:0,(anonymous_3)
FNDA:0,(anonymous_4)
FNDA:0,(anonymous_5)
DA:1,1
DA:2,1
DA:3,1
DA:4,1
DA:5,1
DA:6,1
DA:8,1
DA:11,1
DA:12,0
DA:13,0
DA:16,0
DA:17,0
DA:20,0
DA:21,0
DA:22,0
DA:26,0
DA:27,0
DA:29,0
DA:38,0
DA:40,0
DA:48,0
DA:49,0
DA:54,1
DA:55,2
DA:56,2
DA:58,2
DA:59,0
DA:62,2
DA:64,2
DA:65,0
DA:68,2
DA:69,0
DA:72,2
DA:74,2
DA:75,2
DA:81,2
DA:83,2
DA:92,0
DA:95,0
DA:96,0
DA:101,1
DA:102,0
DA:103,0
DA:104,0
DA:106,0
DA:107,0
DA:112,1
DA:113,0
DA:114,0
DA:115,0
DA:117,0
DA:118,0
DA:119,0
DA:121,0
DA:122,0
DA:123,0
DA:125,0
DA:126,0
DA:129,0
DA:130,0
DA:131,0
DA:133,0
DA:134,0
DA:135,0
DA:137,0
DA:138,0
DA:143,1
DA:144,0
DA:145,0
DA:146,0
DA:147,0
DA:148,0
DA:150,0
DA:151,0
DA:153,0
DA:156,0
DA:157,0
DA:159,0
DA:160,0
DA:165,1
DA:166,0
DA:167,0
DA:168,0
DA:169,0
DA:172,0
DA:174,0
DA:175,0
DA:178,0
DA:179,0
DA:180,0
DA:181,0
DA:182,0
DA:183,0
DA:184,0
DA:185,0
DA:188,0
DA:189,0
DA:190,0
DA:192,0
DA:193,0
DA:197,1
LF:101
LH:25
BRDA:16,0,0,0
BRDA:16,0,1,0
BRDA:16,1,0,0
BRDA:16,1,1,0
BRDA:16,1,2,0
BRDA:21,2,0,0
BRDA:21,2,1,0
BRDA:33,3,0,0
BRDA:33,3,1,0
BRDA:58,4,0,0
BRDA:58,4,1,2
BRDA:58,5,0,2
BRDA:58,5,1,2
BRDA:64,6,0,0
BRDA:64,6,1,2
BRDA:68,7,0,0
BRDA:68,7,1,2
BRDA:74,8,0,2
BRDA:74,8,1,0
BRDA:74,9,0,2
BRDA:74,9,1,2
BRDA:117,10,0,0
BRDA:117,10,1,0
BRDA:118,11,0,0
BRDA:118,11,1,0
BRDA:122,12,0,0
BRDA:122,12,1,0
BRDA:129,13,0,0
BRDA:129,13,1,0
BRDA:130,14,0,0
BRDA:130,14,1,0
BRDA:131,15,0,0
BRDA:131,15,1,0
BRDA:147,16,0,0
BRDA:147,16,1,0
BRDA:148,17,0,0
BRDA:148,17,1,0
BRDA:150,18,0,0
BRDA:150,18,1,0
BRDA:168,19,0,0
BRDA:168,19,1,0
BRDA:174,20,0,0
BRDA:174,20,1,0
BRDA:174,21,0,0
BRDA:174,21,1,0
BRDA:178,22,0,0
BRDA:178,22,1,0
BRDA:179,23,0,0
BRDA:179,23,1,0
BRDA:180,24,0,0
BRDA:180,24,1,0
BRDA:181,25,0,0
BRDA:181,25,1,0
BRDA:182,26,0,0
BRDA:182,26,1,0
BRDA:183,27,0,0
BRDA:183,27,1,0
BRF:57
BRH:8
end_of_record
TN:
SF:routes\hospitalRoutes.js
FN:10,(anonymous_0)
FN:29,(anonymous_1)
FN:47,(anonymous_2)
FNF:3
FNH:0
FNDA:0,(anonymous_0)
FNDA:0,(anonymous_1)
FNDA:0,(anonymous_2)
DA:1,1
DA:2,1
DA:3,1
DA:4,1
DA:5,1
DA:7,1
DA:10,1
DA:11,0
DA:12,0
DA:13,0
DA:15,0
DA:21,0
DA:23,0
DA:24,0
DA:29,1
DA:30,0
DA:31,0
DA:33,0
DA:34,0
DA:37,0
DA:38,0
DA:39,0
DA:41,0
DA:42,0
DA:47,1
DA:48,0
DA:49,0
DA:51,0
DA:52,0
DA:55,0
DA:56,0
DA:57,0
DA:59,0
DA:60,0
DA:64,1
LF:35
LH:10
BRDA:13,0,0,0
BRDA:13,0,1,0
BRDA:18,1,0,0
BRDA:18,1,1,0
BRDA:33,2,0,0
BRDA:33,2,1,0
BRDA:33,3,0,0
BRDA:33,3,1,0
BRDA:51,4,0,0
BRDA:51,4,1,0
BRF:10
BRH:0
end_of_record
TN:
SF:routes\notificationRoutes.js
FN:10,(anonymous_0)
FN:27,(anonymous_1)
FN:50,(anonymous_2)
FN:64,(anonymous_3)
FNF:4
FNH:0
FNDA:0,(anonymous_0)
FNDA:0,(anonymous_1)
FNDA:0,(anonymous_2)
FNDA:0,(anonymous_3)
DA:1,1
DA:2,1
DA:3,1
DA:4,1
DA:5,1
DA:7,1
DA:10,1
DA:11,0
DA:12,0
DA:13,0
DA:19,0
DA:21,0
DA:22,0
DA:27,1
DA:28,0
DA:29,0
DA:31,0
DA:32,0
DA:35,0
DA:36,0
DA:39,0
DA:40,0
DA:42,0
DA:44,0
DA:45,0
DA:50,1
DA:51,0
DA:52,0
DA:56,0
DA:58,0
DA:59,0
DA:64,1
DA:65,0
DA:66,0
DA:69,0
DA:71,0
DA:72,0
DA:76,1
LF:38
LH:11
BRDA:12,0,0,0
BRDA:31,1,0,0
BRDA:31,1,1,0
BRDA:35,2,0,0
BRDA:35,2,1,0
BRF:5
BRH:0
end_of_record
TN:
SF:routes\workOrderRoutes.js
FN:21,(anonymous_0)
FN:31,(anonymous_1)
FN:77,(anonymous_2)
FN:108,(anonymous_3)
FN:140,(anonymous_4)
FN:166,(anonymous_5)
FN:204,(anonymous_6)
FN:244,(anonymous_7)
FN:303,(anonymous_8)
FN:382,(anonymous_9)
FN:398,(anonymous_10)
FNF:11
FNH:5
FNDA:5,(anonymous_0)
FNDA:5,(anonymous_1)
FNDA:0,(anonymous_2)
FNDA:0,(anonymous_3)
FNDA:0,(anonymous_4)
FNDA:1,(anonymous_5)
FNDA:1,(anonymous_6)
FNDA:0,(anonymous_7)
FNDA:5,(anonymous_8)
FNDA:0,(anonymous_9)
FNDA:0,(anonymous_10)
DA:1,1
DA:2,1
DA:3,1
DA:4,1
DA:5,1
DA:6,1
DA:7,1
DA:9,1
DA:11,1
DA:12,1
DA:14,1
DA:21,1
DA:22,5
DA:23,5
DA:24,5
DA:27,5
DA:31,1
DA:32,5
DA:34,5
DA:37,5
DA:38,0
DA:41,5
DA:43,5
DA:57,5
DA:58,5
DA:59,5
DA:68,5
DA:69,5
DA:71,0
DA:72,0
DA:77,1
DA:78,0
DA:79,0
DA:80,0
DA:82,0
DA:83,0
DA:84,0
DA:85,0
DA:88,0
DA:90,0
DA:100,0
DA:102,0
DA:103,0
DA:108,1
DA:109,0
DA:110,0
DA:111,0
DA:113,0
DA:114,0
DA:115,0
DA:116,0
DA:119,0
DA:120,0
DA:122,0
DA:132,0
DA:134,0
DA:135,0
DA:140,1
DA:141,0
DA:142,0
DA:146,0
DA:147,0
DA:151,0
DA:152,0
DA:154,0
DA:155,0
DA:158,0
DA:160,0
DA:161,0
DA:166,1
DA:167,1
DA:168,1
DA:169,1
DA:171,1
DA:172,0
DA:175,1
DA:176,0
DA:179,1
DA:180,1
DA:181,1
DA:182,1
DA:183,1
DA:184,1
DA:187,1
DA:195,1
DA:196,1
DA:198,0
DA:199,0
DA:204,1
DA:205,1
DA:207,1
DA:209,1
DA:210,0
DA:213,1
DA:215,1
DA:216,0
DA:220,1
DA:221,1
DA:223,1
DA:224,0
DA:227,1
DA:228,1
DA:229,1
DA:230,1
DA:231,1
DA:232,1
DA:233,1
DA:235,1
DA:236,1
DA:238,0
DA:239,0
DA:244,1
DA:245,0
DA:246,0
DA:248,0
DA:249,0
DA:252,0
DA:254,0
DA:255,0
DA:259,0
DA:260,0
DA:261,0
DA:265,0
DA:266,0
DA:273,0
DA:274,0
DA:276,0
DA:277,0
DA:278,0
DA:279,0
DA:280,0
DA:283,0
DA:284,0
DA:285,0
DA:294,0
DA:295,0
DA:297,0
DA:298,0
DA:303,1
DA:304,5
DA:305,5
DA:308,5
DA:309,1
DA:312,4
DA:314,4
DA:315,0
DA:319,4
DA:320,4
DA:321,1
DA:327,3
DA:328,3
DA:330,3
DA:331,0
DA:335,3
DA:336,3
DA:337,3
DA:338,3
DA:339,3
DA:342,3
DA:345,3
DA:347,1
DA:354,2
DA:356,2
DA:357,2
DA:358,2
DA:368,3
DA:370,3
DA:376,0
DA:377,0
DA:382,1
DA:383,0
DA:384,0
DA:390,0
DA:392,0
DA:393,0
DA:398,1
DA:399,0
DA:400,0
DA:401,0
DA:403,0
DA:404,0
DA:405,0
DA:406,0
DA:409,0
DA:418,0
DA:420,0
DA:421,0
DA:425,1
LF:188
LH:94
BRDA:37,0,0,0
BRDA:37,0,1,5
BRDA:37,1,0,5
BRDA:37,1,1,5
BRDA:37,1,2,5
BRDA:37,1,3,5
BRDA:82,2,0,0
BRDA:82,2,1,0
BRDA:82,3,0,0
BRDA:82,3,1,0
BRDA:88,4,0,0
BRDA:88,4,1,0
BRDA:113,5,0,0
BRDA:113,5,1,0
BRDA:113,6,0,0
BRDA:113,6,1,0
BRDA:119,7,0,0
BRDA:119,7,1,0
BRDA:120,8,0,0
BRDA:120,8,1,0
BRDA:146,9,0,0
BRDA:146,9,1,0
BRDA:152,10,0,0
BRDA:152,10,1,0
BRDA:154,11,0,0
BRDA:154,11,1,0
BRDA:154,12,0,0
BRDA:154,12,1,0
BRDA:171,13,0,0
BRDA:171,13,1,1
BRDA:175,14,0,0
BRDA:175,14,1,1
BRDA:182,15,0,0
BRDA:182,15,1,1
BRDA:209,16,0,0
BRDA:209,16,1,1
BRDA:215,17,0,0
BRDA:215,17,1,1
BRDA:221,18,0,1
BRDA:221,18,1,1
BRDA:223,19,0,0
BRDA:223,19,1,1
BRDA:223,20,0,1
BRDA:223,20,1,0
BRDA:248,21,0,0
BRDA:248,21,1,0
BRDA:248,22,0,0
BRDA:248,22,1,0
BRDA:254,23,0,0
BRDA:254,23,1,0
BRDA:260,24,0,0
BRDA:260,24,1,0
BRDA:260,25,0,0
BRDA:260,25,1,0
BRDA:266,26,0,0
BRDA:266,26,1,0
BRDA:308,27,0,1
BRDA:308,27,1,4
BRDA:308,28,0,5
BRDA:308,28,1,4
BRDA:314,29,0,0
BRDA:314,29,1,4
BRDA:320,30,0,1
BRDA:320,30,1,3
BRDA:328,31,0,3
BRDA:328,31,1,2
BRDA:330,32,0,0
BRDA:330,32,1,3
BRDA:330,33,0,3
BRDA:330,33,1,1
BRDA:345,34,0,1
BRDA:345,34,1,2
BRDA:354,35,0,2
BRDA:354,35,1,0
BRDA:403,36,0,0
BRDA:403,36,1,0
BRDA:403,37,0,0
BRDA:403,37,1,0
BRF:78
BRH:29
end_of_record
